[INFO]-[2021/08/31 14:43:53] Cloning: 1630421006901's clone job's data is not in database, generating data
[INFO]-[2021/08/31 14:43:55] DB Copy: Creating table wpstg0_my_venue
[INFO]-[2021/08/31 14:43:55] DB Copy: Table my_venue contains 89 rows 
[INFO]-[2021/08/31 14:43:55] DB Copy: my_venue as wpstg0_my_venue from 0 to 10000 records
[INFO]-[2021/08/31 14:43:55] DB Copy: Creating table wpstg0_my_venue_activity
[INFO]-[2021/08/31 14:43:55] DB Copy: Table my_venue_activity contains 0 rows 
[INFO]-[2021/08/31 14:43:55] DB Copy: Creating table wpstg0_actionscheduler_actions
[INFO]-[2021/08/31 14:43:55] DB Copy: Table wp_actionscheduler_actions contains 9 rows 
[INFO]-[2021/08/31 14:43:55] DB Copy: wp_actionscheduler_actions as wpstg0_actionscheduler_actions from 0 to 10000 records
[INFO]-[2021/08/31 14:43:56] DB Copy: Creating table wpstg0_actionscheduler_claims
[INFO]-[2021/08/31 14:43:56] DB Copy: Table wp_actionscheduler_claims contains 0 rows 
[INFO]-[2021/08/31 14:43:56] DB Copy: Creating table wpstg0_actionscheduler_groups
[INFO]-[2021/08/31 14:43:56] DB Copy: Table wp_actionscheduler_groups contains 2 rows 
[INFO]-[2021/08/31 14:43:56] DB Copy: wp_actionscheduler_groups as wpstg0_actionscheduler_groups from 0 to 10000 records
[INFO]-[2021/08/31 14:43:57] DB Copy: Creating table wpstg0_actionscheduler_logs
[INFO]-[2021/08/31 14:43:57] DB Copy: Table wp_actionscheduler_logs contains 27 rows 
[INFO]-[2021/08/31 14:43:57] DB Copy: wp_actionscheduler_logs as wpstg0_actionscheduler_logs from 0 to 10000 records
[INFO]-[2021/08/31 14:43:57] DB Copy: Creating table wpstg0_commentmeta
[INFO]-[2021/08/31 14:43:57] DB Copy: Table wp_commentmeta contains 0 rows 
[INFO]-[2021/08/31 14:43:57] DB Copy: Creating table wpstg0_comments
[INFO]-[2021/08/31 14:43:57] DB Copy: Table wp_comments contains 1 rows 
[INFO]-[2021/08/31 14:43:57] DB Copy: wp_comments as wpstg0_comments from 0 to 10000 records
[INFO]-[2021/08/31 14:43:58] DB Copy: Creating table wpstg0_create_map
[INFO]-[2021/08/31 14:43:58] DB Copy: Table wp_create_map contains 0 rows 
[INFO]-[2021/08/31 14:43:58] DB Copy: Creating table wpstg0_e_submissions
[INFO]-[2021/08/31 14:43:58] DB Copy: Table wp_e_submissions contains 0 rows 
[INFO]-[2021/08/31 14:43:58] DB Copy: Creating table wpstg0_e_submissions_actions_log
[INFO]-[2021/08/31 14:43:58] DB Copy: Table wp_e_submissions_actions_log contains 0 rows 
[INFO]-[2021/08/31 14:43:59] DB Copy: Creating table wpstg0_e_submissions_values
[INFO]-[2021/08/31 14:43:59] DB Copy: Table wp_e_submissions_values contains 0 rows 
[INFO]-[2021/08/31 14:43:59] DB Copy: Creating table wpstg0_frm_fields
[INFO]-[2021/08/31 14:43:59] DB Copy: Table wp_frm_fields contains 7 rows 
[INFO]-[2021/08/31 14:43:59] DB Copy: wp_frm_fields as wpstg0_frm_fields from 0 to 10000 records
[INFO]-[2021/08/31 14:44:00] DB Copy: Creating table wpstg0_frm_forms
[INFO]-[2021/08/31 14:44:00] DB Copy: Table wp_frm_forms contains 2 rows 
[INFO]-[2021/08/31 14:44:00] DB Copy: wp_frm_forms as wpstg0_frm_forms from 0 to 10000 records
[INFO]-[2021/08/31 14:44:00] DB Copy: Creating table wpstg0_frm_item_metas
[INFO]-[2021/08/31 14:44:00] DB Copy: Table wp_frm_item_metas contains 0 rows 
[INFO]-[2021/08/31 14:44:00] DB Copy: Creating table wpstg0_frm_items
[INFO]-[2021/08/31 14:44:00] DB Copy: Table wp_frm_items contains 88 rows 
[INFO]-[2021/08/31 14:44:00] DB Copy: wp_frm_items as wpstg0_frm_items from 0 to 10000 records
[INFO]-[2021/08/31 14:44:01] DB Copy: Creating table wpstg0_group_map
[INFO]-[2021/08/31 14:44:01] DB Copy: Table wp_group_map contains 0 rows 
[INFO]-[2021/08/31 14:44:01] DB Copy: Creating table wpstg0_links
[INFO]-[2021/08/31 14:44:01] DB Copy: Table wp_links contains 0 rows 
[INFO]-[2021/08/31 14:44:01] DB Copy: Creating table wpstg0_map_locations
[INFO]-[2021/08/31 14:44:01] DB Copy: Table wp_map_locations contains 0 rows 
[INFO]-[2021/08/31 14:44:02] DB Copy: Creating table wpstg0_map_routes
[INFO]-[2021/08/31 14:44:02] DB Copy: Table wp_map_routes contains 0 rows 
[INFO]-[2021/08/31 14:44:02] DB Copy: Creating table wpstg0_ms_snippets
[INFO]-[2021/08/31 14:44:02] DB Copy: Table wp_ms_snippets contains 0 rows 
[INFO]-[2021/08/31 14:44:02] DB Copy: Creating table wpstg0_nextend2_image_storage
[INFO]-[2021/08/31 14:44:02] DB Copy: Table wp_nextend2_image_storage contains 0 rows 
[INFO]-[2021/08/31 14:44:03] DB Copy: Creating table wpstg0_nextend2_section_storage
[INFO]-[2021/08/31 14:44:03] DB Copy: Table wp_nextend2_section_storage contains 1 rows 
[INFO]-[2021/08/31 14:44:03] DB Copy: wp_nextend2_section_storage as wpstg0_nextend2_section_storage from 0 to 10000 records
[INFO]-[2021/08/31 14:44:03] DB Copy: Creating table wpstg0_nextend2_smartslider3_generators
[INFO]-[2021/08/31 14:44:03] DB Copy: Table wp_nextend2_smartslider3_generators contains 0 rows 
[INFO]-[2021/08/31 14:44:04] DB Copy: Creating table wpstg0_nextend2_smartslider3_sliders
[INFO]-[2021/08/31 14:44:04] DB Copy: Table wp_nextend2_smartslider3_sliders contains 1 rows 
[INFO]-[2021/08/31 14:44:04] DB Copy: wp_nextend2_smartslider3_sliders as wpstg0_nextend2_smartslider3_sliders from 0 to 10000 records
[INFO]-[2021/08/31 14:44:04] DB Copy: Creating table wpstg0_nextend2_smartslider3_sliders_xref
[INFO]-[2021/08/31 14:44:04] DB Copy: Table wp_nextend2_smartslider3_sliders_xref contains 0 rows 
[INFO]-[2021/08/31 14:44:04] DB Copy: Creating table wpstg0_nextend2_smartslider3_slides
[INFO]-[2021/08/31 14:44:04] DB Copy: Table wp_nextend2_smartslider3_slides contains 2 rows 
[INFO]-[2021/08/31 14:44:04] DB Copy: wp_nextend2_smartslider3_slides as wpstg0_nextend2_smartslider3_slides from 0 to 10000 records
[INFO]-[2021/08/31 14:44:05] DB Copy: Creating table wpstg0_options
[INFO]-[2021/08/31 14:44:05] DB Copy: Table wp_options contains 840 rows 
[INFO]-[2021/08/31 14:44:05] DB Copy: wp_options as wpstg0_options from 0 to 10000 records
[INFO]-[2021/08/31 14:44:05] DB Copy: Creating table wpstg0_postmeta
[INFO]-[2021/08/31 14:44:05] DB Copy: Table wp_postmeta contains 6421 rows 
[INFO]-[2021/08/31 14:44:05] DB Copy: wp_postmeta as wpstg0_postmeta from 0 to 10000 records
[INFO]-[2021/08/31 14:44:06] DB Copy: Creating table wpstg0_posts
[INFO]-[2021/08/31 14:44:06] DB Copy: Table wp_posts contains 954 rows 
[INFO]-[2021/08/31 14:44:06] DB Copy: wp_posts as wpstg0_posts from 0 to 10000 records
[INFO]-[2021/08/31 14:44:07] DB Copy: Creating table wpstg0_snippets
[INFO]-[2021/08/31 14:44:07] DB Copy: Table wp_snippets contains 5 rows 
[INFO]-[2021/08/31 14:44:07] DB Copy: wp_snippets as wpstg0_snippets from 0 to 10000 records
[INFO]-[2021/08/31 14:44:07] DB Copy: Creating table wpstg0_ssf_wp_addon
[INFO]-[2021/08/31 14:44:07] DB Copy: Table wp_ssf_wp_addon contains 0 rows 
[INFO]-[2021/08/31 14:44:08] DB Copy: Creating table wpstg0_ssf_wp_region
[INFO]-[2021/08/31 14:44:08] DB Copy: Table wp_ssf_wp_region contains 0 rows 
[INFO]-[2021/08/31 14:44:08] DB Copy: Creating table wpstg0_ssf_wp_setting
[INFO]-[2021/08/31 14:44:08] DB Copy: Table wp_ssf_wp_setting contains 2 rows 
[INFO]-[2021/08/31 14:44:08] DB Copy: wp_ssf_wp_setting as wpstg0_ssf_wp_setting from 0 to 10000 records
[INFO]-[2021/08/31 14:44:08] DB Copy: Creating table wpstg0_ssf_wp_stores
[INFO]-[2021/08/31 14:44:08] DB Copy: Table wp_ssf_wp_stores contains 89 rows 
[INFO]-[2021/08/31 14:44:08] DB Copy: wp_ssf_wp_stores as wpstg0_ssf_wp_stores from 0 to 10000 records
[INFO]-[2021/08/31 14:44:09] DB Copy: Creating table wpstg0_ssf_wp_tag
[INFO]-[2021/08/31 14:44:09] DB Copy: Table wp_ssf_wp_tag contains 89 rows 
[INFO]-[2021/08/31 14:44:09] DB Copy: wp_ssf_wp_tag as wpstg0_ssf_wp_tag from 0 to 10000 records
[INFO]-[2021/08/31 14:44:09] DB Copy: Creating table wpstg0_ssf_wp_track_store
[INFO]-[2021/08/31 14:44:09] DB Copy: Table wp_ssf_wp_track_store contains 0 rows 
[INFO]-[2021/08/31 14:44:09] DB Copy: Creating table wpstg0_ssf_wp_tracking
[INFO]-[2021/08/31 14:44:09] DB Copy: Table wp_ssf_wp_tracking contains 0 rows 
[INFO]-[2021/08/31 14:44:10] DB Copy: Creating table wpstg0_store_ratings
[INFO]-[2021/08/31 14:44:10] DB Copy: Table wp_store_ratings contains 0 rows 
[INFO]-[2021/08/31 14:44:10] DB Copy: Creating table wpstg0_term_relationships
[INFO]-[2021/08/31 14:44:10] DB Copy: Table wp_term_relationships contains 73 rows 
[INFO]-[2021/08/31 14:44:10] DB Copy: wp_term_relationships as wpstg0_term_relationships from 0 to 10000 records
[INFO]-[2021/08/31 14:44:11] DB Copy: Creating table wpstg0_term_taxonomy
[INFO]-[2021/08/31 14:44:11] DB Copy: Table wp_term_taxonomy contains 24 rows 
[INFO]-[2021/08/31 14:44:11] DB Copy: wp_term_taxonomy as wpstg0_term_taxonomy from 0 to 10000 records
[INFO]-[2021/08/31 14:44:11] DB Copy: Creating table wpstg0_termmeta
[INFO]-[2021/08/31 14:44:11] DB Copy: Table wp_termmeta contains 1 rows 
[INFO]-[2021/08/31 14:44:11] DB Copy: wp_termmeta as wpstg0_termmeta from 0 to 10000 records
[INFO]-[2021/08/31 14:44:11] DB Copy: Creating table wpstg0_terms
[INFO]-[2021/08/31 14:44:11] DB Copy: Table wp_terms contains 24 rows 
[INFO]-[2021/08/31 14:44:11] DB Copy: wp_terms as wpstg0_terms from 0 to 10000 records
[INFO]-[2021/08/31 14:44:12] DB Copy: Creating table wpstg0_toolset_associations
[INFO]-[2021/08/31 14:44:12] DB Copy: Table wp_toolset_associations contains 0 rows 
[INFO]-[2021/08/31 14:44:12] DB Copy: Creating table wpstg0_toolset_post_guid_id
[INFO]-[2021/08/31 14:44:12] DB Copy: Table wp_toolset_post_guid_id contains 11 rows 
[INFO]-[2021/08/31 14:44:12] DB Copy: wp_toolset_post_guid_id as wpstg0_toolset_post_guid_id from 0 to 10000 records
[INFO]-[2021/08/31 14:44:12] DB Copy: Creating table wpstg0_toolset_relationships
[INFO]-[2021/08/31 14:44:12] DB Copy: Table wp_toolset_relationships contains 0 rows 
[INFO]-[2021/08/31 14:44:13] DB Copy: Creating table wpstg0_toolset_type_sets
[INFO]-[2021/08/31 14:44:13] DB Copy: Table wp_toolset_type_sets contains 0 rows 
[INFO]-[2021/08/31 14:44:13] DB Copy: Creating table wpstg0_usermeta
[INFO]-[2021/08/31 14:44:13] DB Copy: Table wp_usermeta contains 48 rows 
[INFO]-[2021/08/31 14:44:13] DB Copy: wp_usermeta as wpstg0_usermeta from 0 to 10000 records
[INFO]-[2021/08/31 14:44:14] DB Copy: Creating table wpstg0_users
[INFO]-[2021/08/31 14:44:14] DB Copy: Table wp_users contains 1 rows 
[INFO]-[2021/08/31 14:44:14] DB Copy: wp_users as wpstg0_users from 0 to 10000 records
[INFO]-[2021/08/31 14:44:14] DB Copy: Creating table wpstg0_wc_admin_note_actions
[INFO]-[2021/08/31 14:44:14] DB Copy: Table wp_wc_admin_note_actions contains 47 rows 
[INFO]-[2021/08/31 14:44:14] DB Copy: wp_wc_admin_note_actions as wpstg0_wc_admin_note_actions from 0 to 10000 records
[INFO]-[2021/08/31 14:44:14] DB Copy: Creating table wpstg0_wc_admin_notes
[INFO]-[2021/08/31 14:44:14] DB Copy: Table wp_wc_admin_notes contains 43 rows 
[INFO]-[2021/08/31 14:44:14] DB Copy: wp_wc_admin_notes as wpstg0_wc_admin_notes from 0 to 10000 records
[INFO]-[2021/08/31 14:44:15] DB Copy: Creating table wpstg0_wc_category_lookup
[INFO]-[2021/08/31 14:44:15] DB Copy: Table wp_wc_category_lookup contains 1 rows 
[INFO]-[2021/08/31 14:44:15] DB Copy: wp_wc_category_lookup as wpstg0_wc_category_lookup from 0 to 10000 records
[INFO]-[2021/08/31 14:44:15] DB Copy: Creating table wpstg0_wc_customer_lookup
[INFO]-[2021/08/31 14:44:15] DB Copy: Table wp_wc_customer_lookup contains 0 rows 
[INFO]-[2021/08/31 14:44:15] DB Copy: Creating table wpstg0_wc_download_log
[INFO]-[2021/08/31 14:44:15] DB Copy: Table wp_wc_download_log contains 0 rows 
[INFO]-[2021/08/31 14:44:16] DB Copy: Creating table wpstg0_wc_order_coupon_lookup
[INFO]-[2021/08/31 14:44:16] DB Copy: Table wp_wc_order_coupon_lookup contains 0 rows 
[INFO]-[2021/08/31 14:44:16] DB Copy: Creating table wpstg0_wc_order_product_lookup
[INFO]-[2021/08/31 14:44:16] DB Copy: Table wp_wc_order_product_lookup contains 0 rows 
[INFO]-[2021/08/31 14:44:17] DB Copy: Creating table wpstg0_wc_order_stats
[INFO]-[2021/08/31 14:44:17] DB Copy: Table wp_wc_order_stats contains 0 rows 
[INFO]-[2021/08/31 14:44:17] DB Copy: Creating table wpstg0_wc_order_tax_lookup
[INFO]-[2021/08/31 14:44:17] DB Copy: Table wp_wc_order_tax_lookup contains 0 rows 
[INFO]-[2021/08/31 14:44:17] DB Copy: Creating table wpstg0_wc_product_meta_lookup
[INFO]-[2021/08/31 14:44:17] DB Copy: Table wp_wc_product_meta_lookup contains 0 rows 
[INFO]-[2021/08/31 14:44:18] DB Copy: Creating table wpstg0_wc_reserved_stock
[INFO]-[2021/08/31 14:44:18] DB Copy: Table wp_wc_reserved_stock contains 0 rows 
[INFO]-[2021/08/31 14:44:18] DB Copy: Creating table wpstg0_wc_tax_rate_classes
[INFO]-[2021/08/31 14:44:18] DB Copy: Table wp_wc_tax_rate_classes contains 2 rows 
[INFO]-[2021/08/31 14:44:18] DB Copy: wp_wc_tax_rate_classes as wpstg0_wc_tax_rate_classes from 0 to 10000 records
[INFO]-[2021/08/31 14:44:18] DB Copy: Creating table wpstg0_wc_webhooks
[INFO]-[2021/08/31 14:44:18] DB Copy: Table wp_wc_webhooks contains 0 rows 
[INFO]-[2021/08/31 14:44:19] DB Copy: Creating table wpstg0_wof_lite_optins
[INFO]-[2021/08/31 14:44:19] DB Copy: Table wp_wof_lite_optins contains 0 rows 
[INFO]-[2021/08/31 14:44:19] DB Copy: Creating table wpstg0_woocommerce_api_keys
[INFO]-[2021/08/31 14:44:19] DB Copy: Table wp_woocommerce_api_keys contains 0 rows 
[INFO]-[2021/08/31 14:44:19] DB Copy: Creating table wpstg0_woocommerce_attribute_taxonomies
[INFO]-[2021/08/31 14:44:19] DB Copy: Table wp_woocommerce_attribute_taxonomies contains 0 rows 
[INFO]-[2021/08/31 14:44:20] DB Copy: Creating table wpstg0_woocommerce_downloadable_product_permissions
[INFO]-[2021/08/31 14:44:20] DB Copy: Table wp_woocommerce_downloadable_product_permissions contains 0 rows 
[INFO]-[2021/08/31 14:44:20] DB Copy: Creating table wpstg0_woocommerce_log
[INFO]-[2021/08/31 14:44:20] DB Copy: Table wp_woocommerce_log contains 0 rows 
[INFO]-[2021/08/31 14:44:21] DB Copy: Creating table wpstg0_woocommerce_order_itemmeta
[INFO]-[2021/08/31 14:44:21] DB Copy: Table wp_woocommerce_order_itemmeta contains 0 rows 
[INFO]-[2021/08/31 14:44:21] DB Copy: Creating table wpstg0_woocommerce_order_items
[INFO]-[2021/08/31 14:44:21] DB Copy: Table wp_woocommerce_order_items contains 0 rows 
[INFO]-[2021/08/31 14:44:21] DB Copy: Creating table wpstg0_woocommerce_payment_tokenmeta
[INFO]-[2021/08/31 14:44:21] DB Copy: Table wp_woocommerce_payment_tokenmeta contains 0 rows 
[INFO]-[2021/08/31 14:44:22] DB Copy: Creating table wpstg0_woocommerce_payment_tokens
[INFO]-[2021/08/31 14:44:22] DB Copy: Table wp_woocommerce_payment_tokens contains 0 rows 
[INFO]-[2021/08/31 14:44:22] DB Copy: Creating table wpstg0_woocommerce_sessions
[INFO]-[2021/08/31 14:44:22] DB Copy: Table wp_woocommerce_sessions contains 1 rows 
[INFO]-[2021/08/31 14:44:22] DB Copy: wp_woocommerce_sessions as wpstg0_woocommerce_sessions from 0 to 10000 records
[INFO]-[2021/08/31 14:44:22] DB Copy: Creating table wpstg0_woocommerce_shipping_zone_locations
[INFO]-[2021/08/31 14:44:22] DB Copy: Table wp_woocommerce_shipping_zone_locations contains 0 rows 
[INFO]-[2021/08/31 14:44:23] DB Copy: Creating table wpstg0_woocommerce_shipping_zone_methods
[INFO]-[2021/08/31 14:44:23] DB Copy: Table wp_woocommerce_shipping_zone_methods contains 0 rows 
[INFO]-[2021/08/31 14:44:23] DB Copy: Creating table wpstg0_woocommerce_shipping_zones
[INFO]-[2021/08/31 14:44:23] DB Copy: Table wp_woocommerce_shipping_zones contains 0 rows 
[INFO]-[2021/08/31 14:44:24] DB Copy: Creating table wpstg0_woocommerce_tax_rate_locations
[INFO]-[2021/08/31 14:44:24] DB Copy: Table wp_woocommerce_tax_rate_locations contains 0 rows 
[INFO]-[2021/08/31 14:44:24] DB Copy: Creating table wpstg0_woocommerce_tax_rates
[INFO]-[2021/08/31 14:44:24] DB Copy: Table wp_woocommerce_tax_rates contains 0 rows 
[INFO]-[2021/08/31 14:44:24] DB Copy: Creating table wpstg0_wow_coder
[INFO]-[2021/08/31 14:44:24] DB Copy: Table wp_wow_coder contains 1 rows 
[INFO]-[2021/08/31 14:44:24] DB Copy: wp_wow_coder as wpstg0_wow_coder from 0 to 10000 records
[INFO]-[2021/08/31 14:44:25] DB Copy: Creating table wpstg0_wp_phpmyadmin_extension__errors_log
[INFO]-[2021/08/31 14:44:25] DB Copy: Table wp_wp_phpmyadmin_extension__errors_log contains 0 rows 
[INFO]-[2021/08/31 14:44:25] DB Copy: Creating table wpstg0_wpfm_backup
[INFO]-[2021/08/31 14:44:25] DB Copy: Table wp_wpfm_backup contains 0 rows 
[INFO]-[2021/08/31 14:44:25] DB Copy: Creating table wpstg0_wpgmza
[INFO]-[2021/08/31 14:44:25] DB Copy: Table wp_wpgmza contains 2 rows 
[INFO]-[2021/08/31 14:44:25] DB Copy: wp_wpgmza as wpstg0_wpgmza from 0 to 10000 records
[INFO]-[2021/08/31 14:44:26] DB Copy: Creating table wpstg0_wpgmza_category_maps
[INFO]-[2021/08/31 14:44:26] DB Copy: Table wp_wpgmza_category_maps contains 0 rows 
[INFO]-[2021/08/31 14:44:26] DB Copy: Creating table wpstg0_wpgmza_circles
[INFO]-[2021/08/31 14:44:26] DB Copy: Table wp_wpgmza_circles contains 0 rows 
[INFO]-[2021/08/31 14:44:26] DB Copy: Creating table wpstg0_wpgmza_maps
[INFO]-[2021/08/31 14:44:27] DB Copy: Table wp_wpgmza_maps contains 1 rows 
[INFO]-[2021/08/31 14:44:27] DB Copy: wp_wpgmza_maps as wpstg0_wpgmza_maps from 0 to 10000 records
[INFO]-[2021/08/31 14:44:27] DB Copy: Creating table wpstg0_wpgmza_nominatim_geocode_cache
[INFO]-[2021/08/31 14:44:27] DB Copy: Table wp_wpgmza_nominatim_geocode_cache contains 0 rows 
[INFO]-[2021/08/31 14:44:27] DB Copy: Creating table wpstg0_wpgmza_polygon
[INFO]-[2021/08/31 14:44:27] DB Copy: Table wp_wpgmza_polygon contains 0 rows 
[INFO]-[2021/08/31 14:44:28] DB Copy: Creating table wpstg0_wpgmza_polylines
[INFO]-[2021/08/31 14:44:28] DB Copy: Table wp_wpgmza_polylines contains 0 rows 
[INFO]-[2021/08/31 14:44:28] DB Copy: Creating table wpstg0_wpgmza_rectangles
[INFO]-[2021/08/31 14:44:28] DB Copy: Table wp_wpgmza_rectangles contains 0 rows 
[INFO]-[2021/08/31 14:44:28] DB Copy: Creating table wpstg0_xyz_ips_short_code
[INFO]-[2021/08/31 14:44:28] DB Copy: Table wp_xyz_ips_short_code contains 1 rows 
[INFO]-[2021/08/31 14:44:28] DB Copy: wp_xyz_ips_short_code as wpstg0_xyz_ips_short_code from 0 to 10000 records
[INFO]-[2021/08/31 14:44:30] DB Search & Replace:  Table wpstg0_actionscheduler_actions 0 to 20000 records
[INFO]-[2021/08/31 14:44:31] DB Search & Replace:  Table wpstg0_actionscheduler_groups 0 to 20000 records
[INFO]-[2021/08/31 14:44:31] DB Search & Replace:  Table wpstg0_actionscheduler_logs 0 to 20000 records
[INFO]-[2021/08/31 14:44:33] DB Search & Replace:  Table wpstg0_comments 0 to 20000 records
[INFO]-[2021/08/31 14:44:35] DB Search & Replace:  Table wpstg0_frm_fields 0 to 20000 records
[INFO]-[2021/08/31 14:44:35] DB Search & Replace:  Table wpstg0_frm_forms 0 to 20000 records
[INFO]-[2021/08/31 14:44:36] DB Search & Replace:  Table wpstg0_frm_items 0 to 20000 records
[INFO]-[2021/08/31 14:44:38] DB Search & Replace:  Table wpstg0_nextend2_section_storage 0 to 20000 records
[INFO]-[2021/08/31 14:44:39] DB Search & Replace:  Table wpstg0_nextend2_smartslider3_sliders 0 to 20000 records
[INFO]-[2021/08/31 14:44:40] DB Search & Replace:  Table wpstg0_nextend2_smartslider3_slides 0 to 20000 records
[INFO]-[2021/08/31 14:44:40] DB Search & Replace:  Table wpstg0_options 0 to 20000 records
[INFO]-[2021/08/31 14:44:41] DB Search & Replace:  Table wpstg0_postmeta 0 to 20000 records
[INFO]-[2021/08/31 14:44:44] DB Search & Replace:  Table wpstg0_posts 0 to 20000 records
[INFO]-[2021/08/31 14:44:45] DB Search & Replace:  Table wpstg0_snippets 0 to 20000 records
[INFO]-[2021/08/31 14:44:46] DB Search & Replace:  Table wpstg0_ssf_wp_setting 0 to 20000 records
[INFO]-[2021/08/31 14:44:47] DB Search & Replace:  Table wpstg0_ssf_wp_stores 0 to 20000 records
[INFO]-[2021/08/31 14:44:47] DB Search & Replace:  Table wpstg0_ssf_wp_tag 0 to 20000 records
[INFO]-[2021/08/31 14:44:49] DB Search & Replace:  Table wpstg0_term_relationships 0 to 20000 records
[INFO]-[2021/08/31 14:44:49] DB Search & Replace:  Table wpstg0_term_taxonomy 0 to 20000 records
[INFO]-[2021/08/31 14:44:49] DB Search & Replace:  Table wpstg0_termmeta 0 to 20000 records
[INFO]-[2021/08/31 14:44:50] DB Search & Replace:  Table wpstg0_terms 0 to 20000 records
[INFO]-[2021/08/31 14:44:50] DB Search & Replace:  Table wpstg0_toolset_post_guid_id 0 to 20000 records
[INFO]-[2021/08/31 14:44:52] DB Search & Replace:  Table wpstg0_usermeta 0 to 20000 records
[INFO]-[2021/08/31 14:44:52] DB Search & Replace:  Table wpstg0_users 0 to 20000 records
[INFO]-[2021/08/31 14:44:52] DB Search & Replace:  Table wpstg0_wc_admin_note_actions 0 to 20000 records
[INFO]-[2021/08/31 14:44:53] DB Search & Replace:  Table wpstg0_wc_admin_notes 0 to 20000 records
[INFO]-[2021/08/31 14:44:53] DB Search & Replace:  Table wpstg0_wc_category_lookup 0 to 20000 records
[INFO]-[2021/08/31 14:44:56] DB Search & Replace:  Table wpstg0_wc_tax_rate_classes 0 to 20000 records
[INFO]-[2021/08/31 14:45:00] DB Search & Replace:  Table wpstg0_woocommerce_sessions 0 to 20000 records
[INFO]-[2021/08/31 14:45:03] DB Search & Replace:  Table wpstg0_wow_coder 0 to 20000 records
[INFO]-[2021/08/31 14:45:04] DB Search & Replace:  Table wpstg0_wpgmza 0 to 20000 records
[INFO]-[2021/08/31 14:45:05] DB Search & Replace:  Table wpstg0_wpgmza_maps 0 to 20000 records
[INFO]-[2021/08/31 14:45:06] DB Search & Replace:  Table wpstg0_xyz_ips_short_code 0 to 20000 records
[INFO]-[2021/08/31 14:45:07] Scanning / for its files
[INFO]-[2021/08/31 14:45:08] Scanning wp-content/plugins and its sub-directories and files
[INFO]-[2021/08/31 14:45:14] Scanning wp-content/mu-plugins and its sub-directories and files
[INFO]-[2021/08/31 14:45:14] Scanning wp-content/themes and its sub-directories and files
[INFO]-[2021/08/31 14:45:14] Scanning wp-content/uploads/ and its sub-directories and files
[INFO]-[2021/08/31 14:45:15] Scanning wp-content for other directories
[INFO]-[2021/08/31 14:45:15] Scanning wp-includes for its sub-directories and files
[INFO]-[2021/08/31 14:45:16] Scanning wp-admin for its sub-directories and files
[INFO]-[2021/08/31 14:45:16] Scanning .quarantine for its sub-directories and files
[INFO]-[2021/08/31 14:45:16] Scanning .tmb for its sub-directories and files
[INFO]-[2021/08/31 14:45:17] Scanning licenses for its sub-directories and files
[INFO]-[2021/08/31 14:45:17] Scanning tmp for its sub-directories and files
[INFO]-[2021/08/31 14:45:18] Copying files...
[INFO]-[2021/08/31 14:45:18] Total 50 files processed
[INFO]-[2021/08/31 14:45:18] Total 100 files processed
[INFO]-[2021/08/31 14:45:19] Total 150 files processed
[INFO]-[2021/08/31 14:45:19] Total 200 files processed
[INFO]-[2021/08/31 14:45:19] Total 250 files processed
[INFO]-[2021/08/31 14:45:20] Total 300 files processed
[INFO]-[2021/08/31 14:45:20] Total 350 files processed
[INFO]-[2021/08/31 14:45:21] Total 400 files processed
[INFO]-[2021/08/31 14:45:21] Total 450 files processed
[INFO]-[2021/08/31 14:45:21] Total 500 files processed
[INFO]-[2021/08/31 14:45:22] Total 550 files processed
[INFO]-[2021/08/31 14:45:22] Total 600 files processed
[INFO]-[2021/08/31 14:45:23] Total 650 files processed
[INFO]-[2021/08/31 14:45:23] Total 700 files processed
[INFO]-[2021/08/31 14:45:23] Total 750 files processed
[INFO]-[2021/08/31 14:45:24] Total 800 files processed
[INFO]-[2021/08/31 14:45:24] Total 850 files processed
[INFO]-[2021/08/31 14:45:24] Total 900 files processed
[INFO]-[2021/08/31 14:45:25] Total 950 files processed
[INFO]-[2021/08/31 14:45:25] Total 1000 files processed
[INFO]-[2021/08/31 14:45:26] Total 1050 files processed
[INFO]-[2021/08/31 14:45:26] Total 1100 files processed
[INFO]-[2021/08/31 14:45:26] Total 1150 files processed
[INFO]-[2021/08/31 14:45:27] Total 1200 files processed
[INFO]-[2021/08/31 14:45:27] Total 1250 files processed
[INFO]-[2021/08/31 14:45:28] Total 1300 files processed
[INFO]-[2021/08/31 14:45:28] Total 1350 files processed
[INFO]-[2021/08/31 14:45:28] Total 1400 files processed
[INFO]-[2021/08/31 14:45:29] Total 1450 files processed
[INFO]-[2021/08/31 14:45:29] Total 1500 files processed
[INFO]-[2021/08/31 14:45:30] Total 1550 files processed
[INFO]-[2021/08/31 14:45:30] Total 1600 files processed
[INFO]-[2021/08/31 14:45:30] Total 1650 files processed
[INFO]-[2021/08/31 14:45:31] Total 1700 files processed
[INFO]-[2021/08/31 14:45:31] Total 1750 files processed
[INFO]-[2021/08/31 14:45:32] Total 1800 files processed
[INFO]-[2021/08/31 14:45:32] Total 1850 files processed
[INFO]-[2021/08/31 14:45:32] Total 1900 files processed
[INFO]-[2021/08/31 14:45:33] Total 1950 files processed
[INFO]-[2021/08/31 14:45:33] Total 2000 files processed
[INFO]-[2021/08/31 14:45:34] Total 2050 files processed
[INFO]-[2021/08/31 14:45:34] Total 2100 files processed
[INFO]-[2021/08/31 14:45:34] Total 2150 files processed
[INFO]-[2021/08/31 14:45:35] Total 2200 files processed
[INFO]-[2021/08/31 14:45:35] Total 2250 files processed
[INFO]-[2021/08/31 14:45:36] Total 2300 files processed
[INFO]-[2021/08/31 14:45:36] Total 2350 files processed
[INFO]-[2021/08/31 14:45:36] Total 2400 files processed
[INFO]-[2021/08/31 14:45:37] Total 2450 files processed
[INFO]-[2021/08/31 14:45:37] Total 2500 files processed
[INFO]-[2021/08/31 14:45:38] Total 2550 files processed
[INFO]-[2021/08/31 14:45:38] Total 2600 files processed
[INFO]-[2021/08/31 14:45:38] Total 2650 files processed
[INFO]-[2021/08/31 14:45:39] Total 2700 files processed
[INFO]-[2021/08/31 14:45:39] Total 2750 files processed
[INFO]-[2021/08/31 14:45:40] Total 2800 files processed
[INFO]-[2021/08/31 14:45:40] Total 2850 files processed
[INFO]-[2021/08/31 14:45:40] Total 2900 files processed
[INFO]-[2021/08/31 14:45:41] Total 2950 files processed
[INFO]-[2021/08/31 14:45:41] Total 3000 files processed
[INFO]-[2021/08/31 14:45:42] Total 3050 files processed
[INFO]-[2021/08/31 14:45:42] Total 3100 files processed
[INFO]-[2021/08/31 14:45:42] Total 3150 files processed
[INFO]-[2021/08/31 14:45:43] Total 3200 files processed
[INFO]-[2021/08/31 14:45:43] Total 3250 files processed
[INFO]-[2021/08/31 14:45:44] Total 3300 files processed
[INFO]-[2021/08/31 14:45:44] Total 3350 files processed
[INFO]-[2021/08/31 14:45:44] Total 3400 files processed
[INFO]-[2021/08/31 14:45:45] Total 3450 files processed
[INFO]-[2021/08/31 14:45:45] Total 3500 files processed
[INFO]-[2021/08/31 14:45:46] Total 3550 files processed
[INFO]-[2021/08/31 14:45:46] Total 3600 files processed
[INFO]-[2021/08/31 14:45:47] Total 3650 files processed
[INFO]-[2021/08/31 14:45:47] Total 3700 files processed
[INFO]-[2021/08/31 14:45:47] Total 3750 files processed
[INFO]-[2021/08/31 14:45:48] Total 3800 files processed
[INFO]-[2021/08/31 14:45:48] Total 3850 files processed
[INFO]-[2021/08/31 14:45:49] Total 3900 files processed
[INFO]-[2021/08/31 14:45:49] Total 3950 files processed
[INFO]-[2021/08/31 14:45:49] Total 4000 files processed
[INFO]-[2021/08/31 14:45:50] Total 4050 files processed
[INFO]-[2021/08/31 14:45:50] Total 4100 files processed
[INFO]-[2021/08/31 14:45:50] Total 4150 files processed
[INFO]-[2021/08/31 14:45:51] Total 4200 files processed
[INFO]-[2021/08/31 14:45:51] Total 4250 files processed
[INFO]-[2021/08/31 14:45:52] Total 4300 files processed
[INFO]-[2021/08/31 14:45:53] Total 4350 files processed
[INFO]-[2021/08/31 14:45:53] Total 4400 files processed
[INFO]-[2021/08/31 14:45:53] Total 4450 files processed
[INFO]-[2021/08/31 14:45:54] Total 4500 files processed
[INFO]-[2021/08/31 14:45:54] Total 4550 files processed
[INFO]-[2021/08/31 14:45:55] Total 4600 files processed
[INFO]-[2021/08/31 14:45:55] Total 4650 files processed
[INFO]-[2021/08/31 14:45:56] Total 4700 files processed
[INFO]-[2021/08/31 14:45:56] Total 4750 files processed
[INFO]-[2021/08/31 14:45:56] Total 4800 files processed
[INFO]-[2021/08/31 14:45:57] Total 4850 files processed
[INFO]-[2021/08/31 14:45:57] Total 4900 files processed
[INFO]-[2021/08/31 14:45:58] Total 4950 files processed
[INFO]-[2021/08/31 14:45:58] Total 5000 files processed
[INFO]-[2021/08/31 14:45:58] Total 5050 files processed
[INFO]-[2021/08/31 14:45:59] Total 5100 files processed
[INFO]-[2021/08/31 14:45:59] Total 5150 files processed
[INFO]-[2021/08/31 14:46:00] Total 5200 files processed
[INFO]-[2021/08/31 14:46:00] Total 5250 files processed
[INFO]-[2021/08/31 14:46:00] Total 5300 files processed
[INFO]-[2021/08/31 14:46:01] Total 5350 files processed
[INFO]-[2021/08/31 14:46:01] Total 5400 files processed
[INFO]-[2021/08/31 14:46:02] Total 5450 files processed
[INFO]-[2021/08/31 14:46:02] Total 5500 files processed
[INFO]-[2021/08/31 14:46:02] Total 5550 files processed
[INFO]-[2021/08/31 14:46:03] Total 5600 files processed
[INFO]-[2021/08/31 14:46:03] Total 5650 files processed
[INFO]-[2021/08/31 14:46:04] Total 5700 files processed
[INFO]-[2021/08/31 14:46:04] Total 5750 files processed
[INFO]-[2021/08/31 14:46:05] Total 5800 files processed
[INFO]-[2021/08/31 14:46:05] Total 5850 files processed
[INFO]-[2021/08/31 14:46:05] Total 5900 files processed
[INFO]-[2021/08/31 14:46:06] Total 5950 files processed
[INFO]-[2021/08/31 14:46:06] Total 6000 files processed
[INFO]-[2021/08/31 14:46:06] Total 6050 files processed
[INFO]-[2021/08/31 14:46:07] Total 6100 files processed
[INFO]-[2021/08/31 14:46:07] Total 6150 files processed
[INFO]-[2021/08/31 14:46:08] Total 6200 files processed
[INFO]-[2021/08/31 14:46:08] Total 6250 files processed
[INFO]-[2021/08/31 14:46:09] Total 6300 files processed
[INFO]-[2021/08/31 14:46:09] Total 6350 files processed
[INFO]-[2021/08/31 14:46:09] Total 6400 files processed
[INFO]-[2021/08/31 14:46:10] Total 6450 files processed
[INFO]-[2021/08/31 14:46:10] Total 6500 files processed
[INFO]-[2021/08/31 14:46:10] Total 6550 files processed
[INFO]-[2021/08/31 14:46:11] Total 6600 files processed
[INFO]-[2021/08/31 14:46:11] Total 6650 files processed
[INFO]-[2021/08/31 14:46:12] Total 6700 files processed
[INFO]-[2021/08/31 14:46:12] Total 6750 files processed
[INFO]-[2021/08/31 14:46:12] Total 6800 files processed
[INFO]-[2021/08/31 14:46:13] Total 6850 files processed
[INFO]-[2021/08/31 14:46:13] Total 6900 files processed
[INFO]-[2021/08/31 14:46:13] Total 6950 files processed
[INFO]-[2021/08/31 14:46:14] Total 7000 files processed
[INFO]-[2021/08/31 14:46:14] Total 7050 files processed
[INFO]-[2021/08/31 14:46:15] Total 7100 files processed
[INFO]-[2021/08/31 14:46:15] Total 7150 files processed
[INFO]-[2021/08/31 14:46:15] Total 7200 files processed
[INFO]-[2021/08/31 14:46:16] Total 7250 files processed
[INFO]-[2021/08/31 14:46:16] Total 7300 files processed
[INFO]-[2021/08/31 14:46:17] Total 7350 files processed
[INFO]-[2021/08/31 14:46:17] Total 7400 files processed
[INFO]-[2021/08/31 14:46:17] Total 7450 files processed
[INFO]-[2021/08/31 14:46:18] Total 7500 files processed
[INFO]-[2021/08/31 14:46:18] Total 7550 files processed
[INFO]-[2021/08/31 14:46:18] Total 7600 files processed
[INFO]-[2021/08/31 14:46:19] Total 7650 files processed
[INFO]-[2021/08/31 14:46:19] Total 7700 files processed
[INFO]-[2021/08/31 14:46:20] Total 7750 files processed
[INFO]-[2021/08/31 14:46:20] Total 7800 files processed
[INFO]-[2021/08/31 14:46:20] Total 7850 files processed
[INFO]-[2021/08/31 14:46:21] Total 7900 files processed
[INFO]-[2021/08/31 14:46:21] Total 7950 files processed
[INFO]-[2021/08/31 14:46:22] Total 8000 files processed
[INFO]-[2021/08/31 14:46:22] Total 8050 files processed
[INFO]-[2021/08/31 14:46:22] Total 8100 files processed
[INFO]-[2021/08/31 14:46:23] Total 8150 files processed
[INFO]-[2021/08/31 14:46:23] Total 8200 files processed
[INFO]-[2021/08/31 14:46:24] Total 8250 files processed
[INFO]-[2021/08/31 14:46:24] Total 8300 files processed
[INFO]-[2021/08/31 14:46:24] Total 8350 files processed
[INFO]-[2021/08/31 14:46:25] Total 8400 files processed
[INFO]-[2021/08/31 14:46:25] Total 8450 files processed
[INFO]-[2021/08/31 14:46:26] Total 8500 files processed
[INFO]-[2021/08/31 14:46:26] Total 8550 files processed
[INFO]-[2021/08/31 14:46:26] Total 8600 files processed
[INFO]-[2021/08/31 14:46:27] Total 8650 files processed
[INFO]-[2021/08/31 14:46:27] Total 8700 files processed
[INFO]-[2021/08/31 14:46:28] Total 8750 files processed
[INFO]-[2021/08/31 14:46:28] Total 8800 files processed
[INFO]-[2021/08/31 14:46:28] Total 8850 files processed
[INFO]-[2021/08/31 14:46:29] Total 8900 files processed
[INFO]-[2021/08/31 14:46:29] Total 8950 files processed
[INFO]-[2021/08/31 14:46:29] Total 9000 files processed
[INFO]-[2021/08/31 14:46:30] Total 9050 files processed
[INFO]-[2021/08/31 14:46:30] Total 9100 files processed
[INFO]-[2021/08/31 14:46:31] Total 9150 files processed
[INFO]-[2021/08/31 14:46:31] Total 9200 files processed
[INFO]-[2021/08/31 14:46:31] Total 9250 files processed
[INFO]-[2021/08/31 14:46:32] Total 9300 files processed
[INFO]-[2021/08/31 14:46:36] Total 9350 files processed
[INFO]-[2021/08/31 14:46:36] Total 9400 files processed
[INFO]-[2021/08/31 14:46:37] Total 9450 files processed
[INFO]-[2021/08/31 14:46:37] Total 9500 files processed
[INFO]-[2021/08/31 14:46:38] Total 9550 files processed
[INFO]-[2021/08/31 14:46:38] Total 9600 files processed
[INFO]-[2021/08/31 14:46:38] Total 9650 files processed
[INFO]-[2021/08/31 14:46:39] Total 9700 files processed
[INFO]-[2021/08/31 14:46:39] Total 9750 files processed
[INFO]-[2021/08/31 14:46:39] Total 9800 files processed
[INFO]-[2021/08/31 14:46:40] Total 9850 files processed
[INFO]-[2021/08/31 14:46:40] Total 9900 files processed
[INFO]-[2021/08/31 14:46:41] Total 9950 files processed
[INFO]-[2021/08/31 14:46:41] Total 10000 files processed
[INFO]-[2021/08/31 14:46:41] Total 10050 files processed
[INFO]-[2021/08/31 14:46:42] Total 10100 files processed
[INFO]-[2021/08/31 14:46:42] Total 10150 files processed
[INFO]-[2021/08/31 14:46:42] Total 10200 files processed
[INFO]-[2021/08/31 14:46:43] Total 10250 files processed
[INFO]-[2021/08/31 14:46:43] Total 10300 files processed
[INFO]-[2021/08/31 14:46:44] Total 10350 files processed
[INFO]-[2021/08/31 14:46:44] Total 10400 files processed
[INFO]-[2021/08/31 14:46:44] Total 10450 files processed
[INFO]-[2021/08/31 14:46:45] Total 10500 files processed
[INFO]-[2021/08/31 14:46:45] Total 10550 files processed
[INFO]-[2021/08/31 14:46:46] Total 10600 files processed
[INFO]-[2021/08/31 14:46:46] Total 10650 files processed
[INFO]-[2021/08/31 14:46:46] Total 10700 files processed
[INFO]-[2021/08/31 14:46:47] Total 10750 files processed
[INFO]-[2021/08/31 14:46:47] Total 10800 files processed
[INFO]-[2021/08/31 14:46:47] Total 10850 files processed
[INFO]-[2021/08/31 14:46:48] Total 10900 files processed
[INFO]-[2021/08/31 14:46:48] Total 10950 files processed
[INFO]-[2021/08/31 14:46:49] Total 11000 files processed
[INFO]-[2021/08/31 14:46:49] Total 11050 files processed
[INFO]-[2021/08/31 14:46:49] Total 11100 files processed
[INFO]-[2021/08/31 14:46:50] Total 11150 files processed
[INFO]-[2021/08/31 14:46:50] Total 11200 files processed
[INFO]-[2021/08/31 14:46:51] Total 11250 files processed
[INFO]-[2021/08/31 14:46:51] Total 11300 files processed
[INFO]-[2021/08/31 14:46:51] Total 11350 files processed
[INFO]-[2021/08/31 14:46:52] Total 11400 files processed
[INFO]-[2021/08/31 14:46:52] Total 11450 files processed
[INFO]-[2021/08/31 14:46:52] Total 11500 files processed
[INFO]-[2021/08/31 14:46:53] Total 11550 files processed
[INFO]-[2021/08/31 14:46:53] Total 11600 files processed
[INFO]-[2021/08/31 14:46:54] Total 11650 files processed
[INFO]-[2021/08/31 14:46:54] Total 11700 files processed
[INFO]-[2021/08/31 14:46:54] Total 11750 files processed
[INFO]-[2021/08/31 14:46:55] Total 11800 files processed
[INFO]-[2021/08/31 14:46:55] Total 11850 files processed
[INFO]-[2021/08/31 14:46:56] Total 11900 files processed
[INFO]-[2021/08/31 14:46:56] Total 11950 files processed
[INFO]-[2021/08/31 14:46:56] Total 12000 files processed
[INFO]-[2021/08/31 14:46:57] Total 12050 files processed
[INFO]-[2021/08/31 14:46:57] Total 12100 files processed
[INFO]-[2021/08/31 14:46:58] Total 12150 files processed
[INFO]-[2021/08/31 14:46:58] Total 12200 files processed
[INFO]-[2021/08/31 14:46:58] Total 12250 files processed
[INFO]-[2021/08/31 14:46:59] Total 12300 files processed
[INFO]-[2021/08/31 14:46:59] Total 12350 files processed
[INFO]-[2021/08/31 14:47:00] Total 12400 files processed
[INFO]-[2021/08/31 14:47:00] Total 12450 files processed
[INFO]-[2021/08/31 14:47:00] Total 12500 files processed
[INFO]-[2021/08/31 14:47:01] Total 12550 files processed
[INFO]-[2021/08/31 14:47:01] Total 12600 files processed
[INFO]-[2021/08/31 14:47:01] Total 12650 files processed
[INFO]-[2021/08/31 14:47:02] Total 12700 files processed
[INFO]-[2021/08/31 14:47:02] Total 12750 files processed
[INFO]-[2021/08/31 14:47:03] Total 12800 files processed
[INFO]-[2021/08/31 14:47:04] Total 12850 files processed
[INFO]-[2021/08/31 14:47:04] Total 12900 files processed
[INFO]-[2021/08/31 14:47:04] Total 12950 files processed
[INFO]-[2021/08/31 14:47:05] Total 13000 files processed
[INFO]-[2021/08/31 14:47:05] Total 13050 files processed
[INFO]-[2021/08/31 14:47:06] Total 13100 files processed
[INFO]-[2021/08/31 14:47:06] Total 13150 files processed
[INFO]-[2021/08/31 14:47:06] Total 13200 files processed
[INFO]-[2021/08/31 14:47:07] Total 13250 files processed
[INFO]-[2021/08/31 14:47:07] Total 13300 files processed
[INFO]-[2021/08/31 14:47:08] Total 13350 files processed
[INFO]-[2021/08/31 14:47:08] Total 13400 files processed
[INFO]-[2021/08/31 14:47:08] Total 13450 files processed
[INFO]-[2021/08/31 14:47:09] Total 13500 files processed
[INFO]-[2021/08/31 14:47:09] Total 13550 files processed
[INFO]-[2021/08/31 14:47:09] Total 13600 files processed
[INFO]-[2021/08/31 14:47:10] Total 13650 files processed
[INFO]-[2021/08/31 14:47:10] Total 13700 files processed
[INFO]-[2021/08/31 14:47:11] Total 13750 files processed
[INFO]-[2021/08/31 14:47:11] Total 13800 files processed
[INFO]-[2021/08/31 14:47:11] Total 13850 files processed
[INFO]-[2021/08/31 14:47:12] Total 13900 files processed
[INFO]-[2021/08/31 14:47:12] Total 13950 files processed
[INFO]-[2021/08/31 14:47:13] Total 14000 files processed
[INFO]-[2021/08/31 14:47:13] Total 14050 files processed
[INFO]-[2021/08/31 14:47:13] Total 14100 files processed
[INFO]-[2021/08/31 14:47:14] Total 14150 files processed
[INFO]-[2021/08/31 14:47:14] Total 14200 files processed
[INFO]-[2021/08/31 14:47:15] Total 14250 files processed
[INFO]-[2021/08/31 14:47:15] Total 14300 files processed
[INFO]-[2021/08/31 14:47:15] Total 14350 files processed
[INFO]-[2021/08/31 14:47:16] Total 14400 files processed
[INFO]-[2021/08/31 14:47:16] Total 14450 files processed
[INFO]-[2021/08/31 14:47:17] Total 14500 files processed
[INFO]-[2021/08/31 14:47:17] Total 14550 files processed
[INFO]-[2021/08/31 14:47:17] Total 14600 files processed
[INFO]-[2021/08/31 14:47:18] Total 14650 files processed
[INFO]-[2021/08/31 14:47:18] Total 14700 files processed
[INFO]-[2021/08/31 14:47:18] Total 14750 files processed
[INFO]-[2021/08/31 14:47:19] Total 14800 files processed
[INFO]-[2021/08/31 14:47:19] Total 14850 files processed
[INFO]-[2021/08/31 14:47:20] Total 14900 files processed
[INFO]-[2021/08/31 14:47:20] Total 14950 files processed
[INFO]-[2021/08/31 14:47:20] Total 15000 files processed
[INFO]-[2021/08/31 14:47:21] Total 15050 files processed
[INFO]-[2021/08/31 14:47:21] Total 15100 files processed
[INFO]-[2021/08/31 14:47:22] Total 15150 files processed
[INFO]-[2021/08/31 14:47:22] Total 15200 files processed
[INFO]-[2021/08/31 14:47:22] Total 15250 files processed
[INFO]-[2021/08/31 14:47:23] Total 15300 files processed
[INFO]-[2021/08/31 14:47:23] Total 15350 files processed
[INFO]-[2021/08/31 14:47:24] Total 15400 files processed
[INFO]-[2021/08/31 14:47:24] Total 15450 files processed
[INFO]-[2021/08/31 14:47:24] Total 15500 files processed
[INFO]-[2021/08/31 14:47:25] Total 15550 files processed
[INFO]-[2021/08/31 14:47:25] Total 15600 files processed
[INFO]-[2021/08/31 14:47:26] Total 15650 files processed
[INFO]-[2021/08/31 14:47:26] Total 15700 files processed
[INFO]-[2021/08/31 14:47:26] Total 15750 files processed
[INFO]-[2021/08/31 14:47:27] Total 15800 files processed
[INFO]-[2021/08/31 14:47:27] Total 15850 files processed
[INFO]-[2021/08/31 14:47:27] Total 15900 files processed
[INFO]-[2021/08/31 14:47:28] Total 15950 files processed
[INFO]-[2021/08/31 14:47:28] Total 16000 files processed
[INFO]-[2021/08/31 14:47:29] Total 16050 files processed
[INFO]-[2021/08/31 14:47:29] Total 16100 files processed
[INFO]-[2021/08/31 14:47:29] Total 16150 files processed
[INFO]-[2021/08/31 14:47:30] Total 16200 files processed
[INFO]-[2021/08/31 14:47:30] Total 16250 files processed
[INFO]-[2021/08/31 14:47:31] Total 16300 files processed
[INFO]-[2021/08/31 14:47:31] Total 16350 files processed
[INFO]-[2021/08/31 14:47:31] Total 16400 files processed
[INFO]-[2021/08/31 14:47:32] Total 16450 files processed
[INFO]-[2021/08/31 14:47:32] Total 16500 files processed
[INFO]-[2021/08/31 14:47:32] Total 16550 files processed
[INFO]-[2021/08/31 14:47:33] Total 16600 files processed
[INFO]-[2021/08/31 14:47:33] Total 16650 files processed
[INFO]-[2021/08/31 14:47:34] Total 16700 files processed
[INFO]-[2021/08/31 14:47:34] Total 16750 files processed
[INFO]-[2021/08/31 14:47:34] Total 16800 files processed
[INFO]-[2021/08/31 14:47:35] Total 16850 files processed
[INFO]-[2021/08/31 14:47:35] Total 16900 files processed
[INFO]-[2021/08/31 14:47:36] Total 16950 files processed
[INFO]-[2021/08/31 14:47:36] Total 17000 files processed
[INFO]-[2021/08/31 14:47:36] Total 17050 files processed
[INFO]-[2021/08/31 14:47:37] Total 17100 files processed
[INFO]-[2021/08/31 14:47:37] Total 17150 files processed
[INFO]-[2021/08/31 14:47:38] Total 17200 files processed
[INFO]-[2021/08/31 14:47:38] Total 17250 files processed
[INFO]-[2021/08/31 14:47:38] Total 17300 files processed
[INFO]-[2021/08/31 14:47:39] Total 17350 files processed
[INFO]-[2021/08/31 14:47:39] Total 17400 files processed
[INFO]-[2021/08/31 14:47:39] Total 17450 files processed
[INFO]-[2021/08/31 14:47:40] Total 17500 files processed
[INFO]-[2021/08/31 14:47:40] Total 17550 files processed
[INFO]-[2021/08/31 14:47:41] Total 17600 files processed
[INFO]-[2021/08/31 14:47:41] Total 17650 files processed
[INFO]-[2021/08/31 14:47:41] Total 17700 files processed
[INFO]-[2021/08/31 14:47:42] Total 17750 files processed
[INFO]-[2021/08/31 14:47:43] Total 17800 files processed
[INFO]-[2021/08/31 14:47:43] Total 17850 files processed
[INFO]-[2021/08/31 14:47:43] Total 17900 files processed
[INFO]-[2021/08/31 14:47:44] Total 17950 files processed
[INFO]-[2021/08/31 14:47:44] Total 18000 files processed
[INFO]-[2021/08/31 14:47:45] Total 18050 files processed
[INFO]-[2021/08/31 14:47:45] Total 18100 files processed
[INFO]-[2021/08/31 14:47:45] Total 18150 files processed
[INFO]-[2021/08/31 14:47:46] Total 18200 files processed
[INFO]-[2021/08/31 14:47:46] Total 18250 files processed
[INFO]-[2021/08/31 14:47:46] Total 18300 files processed
[INFO]-[2021/08/31 14:47:47] Total 18350 files processed
[INFO]-[2021/08/31 14:47:47] Total 18400 files processed
[INFO]-[2021/08/31 14:47:48] Total 18450 files processed
[INFO]-[2021/08/31 14:47:48] Total 18500 files processed
[INFO]-[2021/08/31 14:47:48] Total 18550 files processed
[INFO]-[2021/08/31 14:47:49] Total 18600 files processed
[INFO]-[2021/08/31 14:47:49] Total 18650 files processed
[INFO]-[2021/08/31 14:47:50] Total 18700 files processed
[INFO]-[2021/08/31 14:47:50] Total 18750 files processed
[INFO]-[2021/08/31 14:47:50] Total 18800 files processed
[INFO]-[2021/08/31 14:47:51] Total 18850 files processed
[INFO]-[2021/08/31 14:47:51] Total 18900 files processed
[INFO]-[2021/08/31 14:47:51] Total 18950 files processed
[INFO]-[2021/08/31 14:47:52] Total 19000 files processed
[INFO]-[2021/08/31 14:47:52] Total 19050 files processed
[INFO]-[2021/08/31 14:47:53] Total 19100 files processed
[INFO]-[2021/08/31 14:47:53] Total 19150 files processed
[INFO]-[2021/08/31 14:47:54] Total 19200 files processed
[INFO]-[2021/08/31 14:47:54] Total 19250 files processed
[INFO]-[2021/08/31 14:47:55] Total 19300 files processed
[INFO]-[2021/08/31 14:47:55] Total 19350 files processed
[INFO]-[2021/08/31 14:47:55] Total 19400 files processed
[INFO]-[2021/08/31 14:47:56] Total 19450 files processed
[INFO]-[2021/08/31 14:47:56] Total 19500 files processed
[INFO]-[2021/08/31 14:47:57] Total 19550 files processed
[INFO]-[2021/08/31 14:47:57] Total 19600 files processed
[INFO]-[2021/08/31 14:47:57] Total 19650 files processed
[INFO]-[2021/08/31 14:47:58] Total 19700 files processed
[INFO]-[2021/08/31 14:47:58] Total 19750 files processed
[INFO]-[2021/08/31 14:47:58] Total 19800 files processed
[INFO]-[2021/08/31 14:47:59] Total 19850 files processed
[INFO]-[2021/08/31 14:47:59] Total 19900 files processed
[INFO]-[2021/08/31 14:47:59] Total 19950 files processed
[INFO]-[2021/08/31 14:48:00] Total 20000 files processed
[INFO]-[2021/08/31 14:48:00] Total 20050 files processed
[INFO]-[2021/08/31 14:48:01] Total 20100 files processed
[INFO]-[2021/08/31 14:48:01] Total 20150 files processed
[INFO]-[2021/08/31 14:48:01] Total 20200 files processed
[INFO]-[2021/08/31 14:48:02] Total 20250 files processed
[INFO]-[2021/08/31 14:48:02] Total 20300 files processed
[INFO]-[2021/08/31 14:48:03] Total 20350 files processed
[INFO]-[2021/08/31 14:48:03] Total 20400 files processed
[INFO]-[2021/08/31 14:48:03] Total 20450 files processed
[INFO]-[2021/08/31 14:48:04] Total 20500 files processed
[INFO]-[2021/08/31 14:48:04] Total 20550 files processed
[INFO]-[2021/08/31 14:48:04] Total 20600 files processed
[INFO]-[2021/08/31 14:48:05] Total 20650 files processed
[INFO]-[2021/08/31 14:48:05] Total 20700 files processed
[INFO]-[2021/08/31 14:48:06] Total 20750 files processed
[INFO]-[2021/08/31 14:48:06] Total 20800 files processed
[INFO]-[2021/08/31 14:48:06] Total 20850 files processed
[INFO]-[2021/08/31 14:48:07] Total 20900 files processed
[INFO]-[2021/08/31 14:48:07] Total 20950 files processed
[INFO]-[2021/08/31 14:48:07] Total 21000 files processed
[INFO]-[2021/08/31 14:48:08] Total 21050 files processed
[INFO]-[2021/08/31 14:48:08] Total 21100 files processed
[INFO]-[2021/08/31 14:48:09] Total 21150 files processed
[INFO]-[2021/08/31 14:48:09] Total 21200 files processed
[INFO]-[2021/08/31 14:48:09] Total 21250 files processed
[INFO]-[2021/08/31 14:48:10] Total 21300 files processed
[INFO]-[2021/08/31 14:48:10] Total 21350 files processed
[INFO]-[2021/08/31 14:48:11] Total 21400 files processed
[INFO]-[2021/08/31 14:48:11] Total 21450 files processed
[INFO]-[2021/08/31 14:48:11] Total 21500 files processed
[INFO]-[2021/08/31 14:48:12] Total 21550 files processed
[INFO]-[2021/08/31 14:48:12] Total 21600 files processed
[INFO]-[2021/08/31 14:48:12] Total 21650 files processed
[INFO]-[2021/08/31 14:48:13] Total 21700 files processed
[INFO]-[2021/08/31 14:48:13] Total 21750 files processed
[INFO]-[2021/08/31 14:48:13] Total 21800 files processed
[INFO]-[2021/08/31 14:48:14] Total 21850 files processed
[INFO]-[2021/08/31 14:48:14] Total 21900 files processed
[INFO]-[2021/08/31 14:48:15] Total 21950 files processed
[INFO]-[2021/08/31 14:48:15] Total 22000 files processed
[INFO]-[2021/08/31 14:48:15] Total 22050 files processed
[INFO]-[2021/08/31 14:48:16] Total 22100 files processed
[INFO]-[2021/08/31 14:48:16] Total 22150 files processed
[INFO]-[2021/08/31 14:48:16] Total 22200 files processed
[INFO]-[2021/08/31 14:48:17] Total 22250 files processed
[INFO]-[2021/08/31 14:48:17] Total 22300 files processed
[INFO]-[2021/08/31 14:48:17] Total 22350 files processed
[INFO]-[2021/08/31 14:48:18] Total 22400 files processed
[INFO]-[2021/08/31 14:48:18] Total 22450 files processed
[INFO]-[2021/08/31 14:48:19] Total 22500 files processed
[INFO]-[2021/08/31 14:48:19] Total 22550 files processed
[INFO]-[2021/08/31 14:48:19] Total 22600 files processed
[INFO]-[2021/08/31 14:48:20] Total 22650 files processed
[INFO]-[2021/08/31 14:48:20] Total 22700 files processed
[INFO]-[2021/08/31 14:48:20] Total 22750 files processed
[INFO]-[2021/08/31 14:48:21] Total 22800 files processed
[INFO]-[2021/08/31 14:48:21] Total 22850 files processed
[INFO]-[2021/08/31 14:48:22] Total 22900 files processed
[INFO]-[2021/08/31 14:48:22] Total 22950 files processed
[INFO]-[2021/08/31 14:48:22] Total 23000 files processed
[INFO]-[2021/08/31 14:48:23] Total 23050 files processed
[INFO]-[2021/08/31 14:48:23] Total 23100 files processed
[INFO]-[2021/08/31 14:48:23] Total 23150 files processed
[INFO]-[2021/08/31 14:48:24] Total 23200 files processed
[INFO]-[2021/08/31 14:48:24] Total 23250 files processed
[INFO]-[2021/08/31 14:48:25] Total 23300 files processed
[INFO]-[2021/08/31 14:48:25] Total 23350 files processed
[INFO]-[2021/08/31 14:48:25] Total 23400 files processed
[INFO]-[2021/08/31 14:48:26] Total 23450 files processed
[INFO]-[2021/08/31 14:48:26] Total 23500 files processed
[INFO]-[2021/08/31 14:48:27] Total 23550 files processed
[INFO]-[2021/08/31 14:48:27] Total 23600 files processed
[INFO]-[2021/08/31 14:48:27] Total 23650 files processed
[INFO]-[2021/08/31 14:48:28] Total 23700 files processed
[INFO]-[2021/08/31 14:48:28] Total 23750 files processed
[INFO]-[2021/08/31 14:48:28] Total 23800 files processed
[INFO]-[2021/08/31 14:48:29] Total 23850 files processed
[INFO]-[2021/08/31 14:48:29] Total 23900 files processed
[INFO]-[2021/08/31 14:48:30] Total 23950 files processed
[INFO]-[2021/08/31 14:48:30] Total 24000 files processed
[INFO]-[2021/08/31 14:48:30] Total 24050 files processed
[INFO]-[2021/08/31 14:48:31] Total 24100 files processed
[INFO]-[2021/08/31 14:48:32] Total 24150 files processed
[INFO]-[2021/08/31 14:48:32] Total 24200 files processed
[INFO]-[2021/08/31 14:48:33] Total 24250 files processed
[INFO]-[2021/08/31 14:48:33] Total 24300 files processed
[INFO]-[2021/08/31 14:48:34] Total 24350 files processed
[INFO]-[2021/08/31 14:48:34] Total 24400 files processed
[INFO]-[2021/08/31 14:48:34] Total 24450 files processed
[INFO]-[2021/08/31 14:48:35] Total 24500 files processed
[INFO]-[2021/08/31 14:48:35] Total 24550 files processed
[INFO]-[2021/08/31 14:48:35] Total 24600 files processed
[INFO]-[2021/08/31 14:48:36] Total 24650 files processed
[INFO]-[2021/08/31 14:48:36] Total 24700 files processed
[INFO]-[2021/08/31 14:48:37] Total 24750 files processed
[INFO]-[2021/08/31 14:48:37] Total 24800 files processed
[INFO]-[2021/08/31 14:48:37] Total 24850 files processed
[INFO]-[2021/08/31 14:48:38] Total 24900 files processed
[INFO]-[2021/08/31 14:48:38] Total 24950 files processed
[INFO]-[2021/08/31 14:48:39] Total 25000 files processed
[INFO]-[2021/08/31 14:48:39] Total 25050 files processed
[INFO]-[2021/08/31 14:48:39] Total 25100 files processed
[INFO]-[2021/08/31 14:48:40] Total 25150 files processed
[INFO]-[2021/08/31 14:48:40] Total 25200 files processed
[INFO]-[2021/08/31 14:48:41] Total 25250 files processed
[INFO]-[2021/08/31 14:48:41] Total 25300 files processed
[INFO]-[2021/08/31 14:48:41] Total 25350 files processed
[INFO]-[2021/08/31 14:48:42] Total 25400 files processed
[INFO]-[2021/08/31 14:48:42] Total 25450 files processed
[INFO]-[2021/08/31 14:48:42] Total 25500 files processed
[INFO]-[2021/08/31 14:48:43] Total 25550 files processed
[INFO]-[2021/08/31 14:48:43] Total 25600 files processed
[INFO]-[2021/08/31 14:48:44] Total 25650 files processed
[INFO]-[2021/08/31 14:48:44] Total 25700 files processed
[INFO]-[2021/08/31 14:48:44] Total 25750 files processed
[INFO]-[2021/08/31 14:48:45] Total 25800 files processed
[INFO]-[2021/08/31 14:48:45] Total 25850 files processed
[INFO]-[2021/08/31 14:48:46] Total 25900 files processed
[INFO]-[2021/08/31 14:48:46] Total 25950 files processed
[INFO]-[2021/08/31 14:48:46] Total 26000 files processed
[INFO]-[2021/08/31 14:48:47] Total 26050 files processed
[INFO]-[2021/08/31 14:48:47] Total 26100 files processed
[INFO]-[2021/08/31 14:48:48] Total 26150 files processed
[INFO]-[2021/08/31 14:48:48] Total 26200 files processed
[INFO]-[2021/08/31 14:48:48] Total 26250 files processed
[INFO]-[2021/08/31 14:48:49] Total 26300 files processed
[INFO]-[2021/08/31 14:48:49] Total 26350 files processed
[INFO]-[2021/08/31 14:48:50] Total 26400 files processed
[INFO]-[2021/08/31 14:48:50] Total 26450 files processed
[INFO]-[2021/08/31 14:48:50] Skipping big file: /opt/bitnami/wordpress/wp-content/plugins/superstorefinder-wp/js/GeoLiteCity.dat
[INFO]-[2021/08/31 14:48:50] Total 26500 files processed
[INFO]-[2021/08/31 14:48:51] Total 26550 files processed
[INFO]-[2021/08/31 14:48:51] Total 26600 files processed
[INFO]-[2021/08/31 14:48:52] Total 26650 files processed
[INFO]-[2021/08/31 14:48:52] Total 26700 files processed
[INFO]-[2021/08/31 14:48:52] Total 26750 files processed
[INFO]-[2021/08/31 14:48:53] Total 26800 files processed
[INFO]-[2021/08/31 14:48:53] Total 26850 files processed
[INFO]-[2021/08/31 14:48:54] Total 26900 files processed
[INFO]-[2021/08/31 14:48:54] Total 26950 files processed
[INFO]-[2021/08/31 14:48:54] Total 27000 files processed
[INFO]-[2021/08/31 14:48:55] Total 27050 files processed
[INFO]-[2021/08/31 14:48:55] Total 27100 files processed
[INFO]-[2021/08/31 14:48:56] Total 27150 files processed
[INFO]-[2021/08/31 14:48:56] Total 27200 files processed
[INFO]-[2021/08/31 14:48:56] Total 27250 files processed
[INFO]-[2021/08/31 14:48:57] Total 27300 files processed
[INFO]-[2021/08/31 14:48:57] Total 27350 files processed
[INFO]-[2021/08/31 14:48:58] Total 27400 files processed
[INFO]-[2021/08/31 14:48:58] Total 27450 files processed
[INFO]-[2021/08/31 14:48:58] Total 27500 files processed
[INFO]-[2021/08/31 14:48:59] Total 27550 files processed
[INFO]-[2021/08/31 14:48:59] Total 27600 files processed
[INFO]-[2021/08/31 14:49:00] Total 27650 files processed
[INFO]-[2021/08/31 14:49:00] Total 27700 files processed
[INFO]-[2021/08/31 14:49:00] Total 27750 files processed
[INFO]-[2021/08/31 14:49:01] Total 27800 files processed
[INFO]-[2021/08/31 14:49:01] Total 27850 files processed
[INFO]-[2021/08/31 14:49:02] Total 27900 files processed
[INFO]-[2021/08/31 14:49:02] Total 27950 files processed
[INFO]-[2021/08/31 14:49:02] Total 28000 files processed
[INFO]-[2021/08/31 14:49:03] Total 28050 files processed
[INFO]-[2021/08/31 14:49:03] Total 28100 files processed
[INFO]-[2021/08/31 14:49:04] Total 28150 files processed
[INFO]-[2021/08/31 14:49:05] Total 28200 files processed
[INFO]-[2021/08/31 14:49:05] Total 28250 files processed
[INFO]-[2021/08/31 14:49:05] Total 28300 files processed
[INFO]-[2021/08/31 14:49:06] Total 28350 files processed
[INFO]-[2021/08/31 14:49:06] Total 28400 files processed
[INFO]-[2021/08/31 14:49:06] Total 28450 files processed
[INFO]-[2021/08/31 14:49:07] Total 28500 files processed
[INFO]-[2021/08/31 14:49:07] Total 28550 files processed
[INFO]-[2021/08/31 14:49:08] Total 28600 files processed
[INFO]-[2021/08/31 14:49:08] Total 28650 files processed
[INFO]-[2021/08/31 14:49:08] Total 28700 files processed
[INFO]-[2021/08/31 14:49:09] Total 28750 files processed
[INFO]-[2021/08/31 14:49:09] Total 28800 files processed
[INFO]-[2021/08/31 14:49:10] Total 28850 files processed
[INFO]-[2021/08/31 14:49:10] Total 28900 files processed
[INFO]-[2021/08/31 14:49:10] Total 28950 files processed
[INFO]-[2021/08/31 14:49:11] Total 29000 files processed
[INFO]-[2021/08/31 14:49:11] Total 29050 files processed
[INFO]-[2021/08/31 14:49:12] Total 29100 files processed
[INFO]-[2021/08/31 14:49:12] Total 29150 files processed
[INFO]-[2021/08/31 14:49:12] Total 29200 files processed
[INFO]-[2021/08/31 14:49:13] Total 29250 files processed
[INFO]-[2021/08/31 14:49:13] Total 29300 files processed
[INFO]-[2021/08/31 14:49:14] Total 29350 files processed
[INFO]-[2021/08/31 14:49:14] Total 29400 files processed
[INFO]-[2021/08/31 14:49:15] Total 29450 files processed
[INFO]-[2021/08/31 14:49:15] Total 29500 files processed
[INFO]-[2021/08/31 14:49:15] Total 29550 files processed
[INFO]-[2021/08/31 14:49:16] Total 29600 files processed
[INFO]-[2021/08/31 14:49:16] Total 29650 files processed
[INFO]-[2021/08/31 14:49:17] Total 29700 files processed
[INFO]-[2021/08/31 14:49:17] Total 29750 files processed
[INFO]-[2021/08/31 14:49:17] Total 29800 files processed
[INFO]-[2021/08/31 14:49:18] Total 29850 files processed
[INFO]-[2021/08/31 14:49:18] Total 29900 files processed
[INFO]-[2021/08/31 14:49:18] Total 29950 files processed
[INFO]-[2021/08/31 14:49:19] Total 30000 files processed
[INFO]-[2021/08/31 14:49:19] Total 30050 files processed
[INFO]-[2021/08/31 14:49:20] Total 30100 files processed
[INFO]-[2021/08/31 14:49:20] Total 30150 files processed
[INFO]-[2021/08/31 14:49:20] Total 30200 files processed
[INFO]-[2021/08/31 14:49:21] Total 30250 files processed
[INFO]-[2021/08/31 14:49:21] Total 30300 files processed
[INFO]-[2021/08/31 14:49:22] Total 30350 files processed
[INFO]-[2021/08/31 14:49:22] Total 30400 files processed
[INFO]-[2021/08/31 14:49:22] Total 30450 files processed
[INFO]-[2021/08/31 14:49:23] Total 30500 files processed
[INFO]-[2021/08/31 14:49:23] Total 30550 files processed
[INFO]-[2021/08/31 14:49:24] Total 30600 files processed
[INFO]-[2021/08/31 14:49:24] Total 30650 files processed
[INFO]-[2021/08/31 14:49:24] Total 30700 files processed
[INFO]-[2021/08/31 14:49:25] Total 30750 files processed
[INFO]-[2021/08/31 14:49:25] Total 30800 files processed
[INFO]-[2021/08/31 14:49:26] Total 30850 files processed
[INFO]-[2021/08/31 14:49:26] Total 30900 files processed
[INFO]-[2021/08/31 14:49:26] Total 30950 files processed
[INFO]-[2021/08/31 14:49:27] Total 31000 files processed
[INFO]-[2021/08/31 14:49:27] Total 31050 files processed
[INFO]-[2021/08/31 14:49:28] Total 31100 files processed
[INFO]-[2021/08/31 14:49:28] Total 31150 files processed
[INFO]-[2021/08/31 14:49:28] Total 31200 files processed
[INFO]-[2021/08/31 14:49:29] Total 31250 files processed
[INFO]-[2021/08/31 14:49:29] Total 31300 files processed
[INFO]-[2021/08/31 14:49:30] Total 31350 files processed
[INFO]-[2021/08/31 14:49:30] Total 31400 files processed
[INFO]-[2021/08/31 14:49:30] Total 31450 files processed
[INFO]-[2021/08/31 14:49:31] Total 31500 files processed
[INFO]-[2021/08/31 14:49:31] Total 31550 files processed
[INFO]-[2021/08/31 14:49:31] Total 31600 files processed
[INFO]-[2021/08/31 14:49:32] Total 31650 files processed
[INFO]-[2021/08/31 14:49:32] Total 31700 files processed
[INFO]-[2021/08/31 14:49:33] Total 31750 files processed
[INFO]-[2021/08/31 14:49:33] Total 31800 files processed
[INFO]-[2021/08/31 14:49:33] Total 31850 files processed
[INFO]-[2021/08/31 14:49:34] Total 31900 files processed
[INFO]-[2021/08/31 14:49:34] Total 31950 files processed
[INFO]-[2021/08/31 14:49:35] Total 32000 files processed
[INFO]-[2021/08/31 14:49:35] Total 32050 files processed
[INFO]-[2021/08/31 14:49:36] Total 32100 files processed
[INFO]-[2021/08/31 14:49:36] Total 32150 files processed
[INFO]-[2021/08/31 14:49:36] Total 32200 files processed
[INFO]-[2021/08/31 14:49:37] Total 32250 files processed
[INFO]-[2021/08/31 14:49:37] Total 32300 files processed
[INFO]-[2021/08/31 14:49:38] Total 32350 files processed
[INFO]-[2021/08/31 14:49:38] Total 32400 files processed
[INFO]-[2021/08/31 14:49:38] Total 32450 files processed
[INFO]-[2021/08/31 14:49:39] Total 32500 files processed
[INFO]-[2021/08/31 14:49:39] Total 32550 files processed
[INFO]-[2021/08/31 14:49:40] Total 32600 files processed
[INFO]-[2021/08/31 14:49:40] Total 32650 files processed
[INFO]-[2021/08/31 14:49:40] Total 32700 files processed
[INFO]-[2021/08/31 14:49:41] Total 32750 files processed
[INFO]-[2021/08/31 14:49:41] Total 32800 files processed
[INFO]-[2021/08/31 14:49:42] Total 32850 files processed
[INFO]-[2021/08/31 14:49:42] Total 32900 files processed
[INFO]-[2021/08/31 14:49:42] Total 32950 files processed
[INFO]-[2021/08/31 14:49:43] Total 33000 files processed
[INFO]-[2021/08/31 14:49:43] Total 33050 files processed
[INFO]-[2021/08/31 14:49:44] Total 33100 files processed
[INFO]-[2021/08/31 14:49:44] Total 33150 files processed
[INFO]-[2021/08/31 14:49:44] Total 33200 files processed
[INFO]-[2021/08/31 14:49:45] Total 33250 files processed
[INFO]-[2021/08/31 14:49:45] Total 33300 files processed
[INFO]-[2021/08/31 14:49:46] Total 33350 files processed
[INFO]-[2021/08/31 14:49:46] Total 33400 files processed
[INFO]-[2021/08/31 14:49:46] Total 33450 files processed
[INFO]-[2021/08/31 14:49:47] Total 33500 files processed
[INFO]-[2021/08/31 14:49:47] Total 33550 files processed
[INFO]-[2021/08/31 14:49:48] Total 33600 files processed
[INFO]-[2021/08/31 14:49:48] Total 33650 files processed
[INFO]-[2021/08/31 14:49:48] Total 33700 files processed
[INFO]-[2021/08/31 14:49:49] Total 33750 files processed
[INFO]-[2021/08/31 14:49:49] Total 33800 files processed
[INFO]-[2021/08/31 14:49:50] Total 33850 files processed
[INFO]-[2021/08/31 14:49:50] Total 33900 files processed
[INFO]-[2021/08/31 14:49:50] Total 33950 files processed
[INFO]-[2021/08/31 14:49:51] Total 34000 files processed
[INFO]-[2021/08/31 14:49:51] Total 34050 files processed
[INFO]-[2021/08/31 14:49:52] Total 34100 files processed
[INFO]-[2021/08/31 14:49:52] Total 34150 files processed
[INFO]-[2021/08/31 14:49:53] Total 34200 files processed
[INFO]-[2021/08/31 14:49:54] Total 34250 files processed
[INFO]-[2021/08/31 14:49:55] Total 34300 files processed
[INFO]-[2021/08/31 14:49:55] Total 34350 files processed
[INFO]-[2021/08/31 14:49:55] Total 34400 files processed
[INFO]-[2021/08/31 14:49:56] Total 34450 files processed
[INFO]-[2021/08/31 14:49:57] Total 34500 files processed
[INFO]-[2021/08/31 14:49:57] Total 34550 files processed
[INFO]-[2021/08/31 14:49:57] Total 34600 files processed
[INFO]-[2021/08/31 14:49:58] Total 34650 files processed
[INFO]-[2021/08/31 14:49:58] Total 34700 files processed
[INFO]-[2021/08/31 14:49:59] Total 34750 files processed
[INFO]-[2021/08/31 14:49:59] Total 34800 files processed
[INFO]-[2021/08/31 14:49:59] Total 34850 files processed
[INFO]-[2021/08/31 14:50:00] Total 34900 files processed
[INFO]-[2021/08/31 14:50:00] Total 34950 files processed
[INFO]-[2021/08/31 14:50:01] Total 35000 files processed
[INFO]-[2021/08/31 14:50:01] Total 35050 files processed
[INFO]-[2021/08/31 14:50:01] Total 35100 files processed
[INFO]-[2021/08/31 14:50:02] Total 35150 files processed
[INFO]-[2021/08/31 14:50:02] Total 35200 files processed
[INFO]-[2021/08/31 14:50:03] Total 35250 files processed
[INFO]-[2021/08/31 14:50:03] Total 35300 files processed
[INFO]-[2021/08/31 14:50:03] Total 35350 files processed
[INFO]-[2021/08/31 14:50:04] Total 35400 files processed
[INFO]-[2021/08/31 14:50:04] Total 35450 files processed
[INFO]-[2021/08/31 14:50:05] Total 35500 files processed
[INFO]-[2021/08/31 14:50:05] Total 35550 files processed
[INFO]-[2021/08/31 14:50:06] Total 35600 files processed
[INFO]-[2021/08/31 14:50:06] Total 35650 files processed
[INFO]-[2021/08/31 14:50:06] Total 35700 files processed
[INFO]-[2021/08/31 14:50:07] Total 35750 files processed
[INFO]-[2021/08/31 14:50:07] Total 35800 files processed
[INFO]-[2021/08/31 14:50:08] Total 35850 files processed
[INFO]-[2021/08/31 14:50:08] Total 35900 files processed
[INFO]-[2021/08/31 14:50:08] Total 35950 files processed
[INFO]-[2021/08/31 14:50:09] Total 36000 files processed
[INFO]-[2021/08/31 14:50:09] Total 36050 files processed
[INFO]-[2021/08/31 14:50:10] Total 36100 files processed
[INFO]-[2021/08/31 14:50:10] Total 36150 files processed
[INFO]-[2021/08/31 14:50:10] Total 36200 files processed
[INFO]-[2021/08/31 14:50:11] Total 36250 files processed
[INFO]-[2021/08/31 14:50:11] Total 36300 files processed
[INFO]-[2021/08/31 14:50:12] Total 36350 files processed
[INFO]-[2021/08/31 14:50:12] Total 36400 files processed
[INFO]-[2021/08/31 14:50:12] Total 36450 files processed
[INFO]-[2021/08/31 14:50:13] Total 36500 files processed
[INFO]-[2021/08/31 14:50:13] Total 36550 files processed
[INFO]-[2021/08/31 14:50:14] Total 36600 files processed
[INFO]-[2021/08/31 14:50:14] Total 36650 files processed
[INFO]-[2021/08/31 14:50:14] Total 36700 files processed
[INFO]-[2021/08/31 14:50:15] Total 36750 files processed
[INFO]-[2021/08/31 14:50:15] Total 36800 files processed
[INFO]-[2021/08/31 14:50:16] Total 36850 files processed
[INFO]-[2021/08/31 14:50:16] Total 36900 files processed
[INFO]-[2021/08/31 14:50:16] Total 36950 files processed
[INFO]-[2021/08/31 14:50:17] Total 37000 files processed
[INFO]-[2021/08/31 14:50:17] Total 37050 files processed
[INFO]-[2021/08/31 14:50:18] Total 37100 files processed
[INFO]-[2021/08/31 14:50:18] Total 37150 files processed
[INFO]-[2021/08/31 14:50:18] Total 37200 files processed
[INFO]-[2021/08/31 14:50:19] Total 37250 files processed
[INFO]-[2021/08/31 14:50:19] Total 37300 files processed
[INFO]-[2021/08/31 14:50:20] Total 37350 files processed
[INFO]-[2021/08/31 14:50:20] Total 37400 files processed
[INFO]-[2021/08/31 14:50:20] Total 37450 files processed
[INFO]-[2021/08/31 14:50:21] Total 37500 files processed
[INFO]-[2021/08/31 14:50:21] Total 37550 files processed
[INFO]-[2021/08/31 14:50:22] Total 37600 files processed
[INFO]-[2021/08/31 14:50:22] Total 37650 files processed
[INFO]-[2021/08/31 14:50:23] Total 37700 files processed
[INFO]-[2021/08/31 14:50:23] Total 37750 files processed
[INFO]-[2021/08/31 14:50:23] Total 37800 files processed
[INFO]-[2021/08/31 14:50:24] Total 37850 files processed
[INFO]-[2021/08/31 14:50:24] Total 37900 files processed
[INFO]-[2021/08/31 14:50:25] Total 37950 files processed
[INFO]-[2021/08/31 14:50:25] Total 38000 files processed
[INFO]-[2021/08/31 14:50:26] Total 38050 files processed
[INFO]-[2021/08/31 14:50:26] Total 38100 files processed
[INFO]-[2021/08/31 14:50:26] Total 38150 files processed
[INFO]-[2021/08/31 14:50:27] Total 38200 files processed
[INFO]-[2021/08/31 14:50:27] Total 38250 files processed
[INFO]-[2021/08/31 14:50:28] Total 38300 files processed
[INFO]-[2021/08/31 14:50:28] Total 38350 files processed
[INFO]-[2021/08/31 14:50:28] Total 38400 files processed
[INFO]-[2021/08/31 14:50:29] Total 38450 files processed
[INFO]-[2021/08/31 14:50:29] Total 38500 files processed
[INFO]-[2021/08/31 14:50:30] Total 38550 files processed
[INFO]-[2021/08/31 14:50:30] Total 38600 files processed
[INFO]-[2021/08/31 14:50:30] Total 38650 files processed
[INFO]-[2021/08/31 14:50:31] Total 38700 files processed
[INFO]-[2021/08/31 14:50:31] Total 38750 files processed
[INFO]-[2021/08/31 14:50:32] Total 38800 files processed
[INFO]-[2021/08/31 14:50:32] Total 38850 files processed
[INFO]-[2021/08/31 14:50:32] Total 38900 files processed
[INFO]-[2021/08/31 14:50:33] Total 38950 files processed
[INFO]-[2021/08/31 14:50:33] Total 39000 files processed
[INFO]-[2021/08/31 14:50:34] Total 39050 files processed
[INFO]-[2021/08/31 14:50:34] Total 39100 files processed
[INFO]-[2021/08/31 14:50:34] Total 39150 files processed
[INFO]-[2021/08/31 14:50:35] Total 39200 files processed
[INFO]-[2021/08/31 14:50:35] Total 39250 files processed
[INFO]-[2021/08/31 14:50:36] Total 39300 files processed
[INFO]-[2021/08/31 14:50:37] Total 39350 files processed
[INFO]-[2021/08/31 14:50:37] Total 39400 files processed
[INFO]-[2021/08/31 14:50:38] Total 39450 files processed
[INFO]-[2021/08/31 14:50:38] Total 39500 files processed
[INFO]-[2021/08/31 14:50:38] Total 39550 files processed
[INFO]-[2021/08/31 14:50:39] Total 39600 files processed
[INFO]-[2021/08/31 14:50:39] Total 39650 files processed
[INFO]-[2021/08/31 14:50:40] Total 39700 files processed
[INFO]-[2021/08/31 14:50:40] Total 39750 files processed
[INFO]-[2021/08/31 14:50:40] Total 39800 files processed
[INFO]-[2021/08/31 14:50:41] Total 39850 files processed
[INFO]-[2021/08/31 14:50:41] Total 39900 files processed
[INFO]-[2021/08/31 14:50:42] Total 39950 files processed
[INFO]-[2021/08/31 14:50:42] Total 40000 files processed
[INFO]-[2021/08/31 14:50:42] Total 40050 files processed
[INFO]-[2021/08/31 14:50:43] Total 40100 files processed
[INFO]-[2021/08/31 14:50:43] Total 40150 files processed
[INFO]-[2021/08/31 14:50:44] Total 40200 files processed
[INFO]-[2021/08/31 14:50:44] Total 40250 files processed
[INFO]-[2021/08/31 14:50:44] Total 40300 files processed
[INFO]-[2021/08/31 14:50:45] Total 40350 files processed
[INFO]-[2021/08/31 14:50:45] Total 40400 files processed
[INFO]-[2021/08/31 14:50:46] Total 40450 files processed
[INFO]-[2021/08/31 14:50:46] Total 40500 files processed
[INFO]-[2021/08/31 14:50:46] Total 40550 files processed
[INFO]-[2021/08/31 14:50:47] Total 40600 files processed
[INFO]-[2021/08/31 14:50:47] Total 40650 files processed
[INFO]-[2021/08/31 14:50:48] Total 40700 files processed
[INFO]-[2021/08/31 14:50:48] Total 40750 files processed
[INFO]-[2021/08/31 14:50:48] Total 40800 files processed
[INFO]-[2021/08/31 14:50:49] Total 40850 files processed
[INFO]-[2021/08/31 14:50:49] Total 40900 files processed
[INFO]-[2021/08/31 14:50:50] Skipping big file: /opt/bitnami/wordpress/wp-content/plugins/wp-mapbox-gl-js/admin/wp-mapmaker/build/static/js/main.31f3ba31.js.map
[INFO]-[2021/08/31 14:50:50] Total 40950 files processed
[INFO]-[2021/08/31 14:50:50] Total 41000 files processed
[INFO]-[2021/08/31 14:50:51] Total 41050 files processed
[INFO]-[2021/08/31 14:50:51] Total 41100 files processed
[INFO]-[2021/08/31 14:50:51] Total 41150 files processed
[INFO]-[2021/08/31 14:50:52] Total 41200 files processed
[INFO]-[2021/08/31 14:50:52] Total 41250 files processed
[INFO]-[2021/08/31 14:50:52] Total 41300 files processed
[INFO]-[2021/08/31 14:50:53] Total 41350 files processed
[INFO]-[2021/08/31 14:50:53] Total 41400 files processed
[INFO]-[2021/08/31 14:50:54] Total 41450 files processed
[INFO]-[2021/08/31 14:50:54] Total 41500 files processed
[INFO]-[2021/08/31 14:50:54] Total 41550 files processed
[INFO]-[2021/08/31 14:50:55] Total 41600 files processed
[INFO]-[2021/08/31 14:50:55] Total 41650 files processed
[INFO]-[2021/08/31 14:50:56] Total 41700 files processed
[INFO]-[2021/08/31 14:50:56] Total 41750 files processed
[INFO]-[2021/08/31 14:50:56] Total 41800 files processed
[INFO]-[2021/08/31 14:50:57] Total 41850 files processed
[INFO]-[2021/08/31 14:50:57] Total 41900 files processed
[INFO]-[2021/08/31 14:50:58] Total 41950 files processed
[INFO]-[2021/08/31 14:50:58] Total 42000 files processed
[INFO]-[2021/08/31 14:50:58] Total 42050 files processed
[INFO]-[2021/08/31 14:50:59] Total 42100 files processed
[INFO]-[2021/08/31 14:50:59] Total 42150 files processed
[INFO]-[2021/08/31 14:51:00] Total 42200 files processed
[INFO]-[2021/08/31 14:51:00] Total 42250 files processed
[INFO]-[2021/08/31 14:51:01] Total 42300 files processed
[INFO]-[2021/08/31 14:51:01] Total 42350 files processed
[INFO]-[2021/08/31 14:51:01] Total 42400 files processed
[INFO]-[2021/08/31 14:51:02] Total 42450 files processed
[INFO]-[2021/08/31 14:51:02] Total 42500 files processed
[INFO]-[2021/08/31 14:51:03] Total 42550 files processed
[INFO]-[2021/08/31 14:51:03] Total 42600 files processed
[INFO]-[2021/08/31 14:51:03] Total 42650 files processed
[INFO]-[2021/08/31 14:51:04] Total 42700 files processed
[INFO]-[2021/08/31 14:51:05] Total 42750 files processed
[INFO]-[2021/08/31 14:51:05] Total 42800 files processed
[INFO]-[2021/08/31 14:51:06] Total 42850 files processed
[INFO]-[2021/08/31 14:51:06] Total 42900 files processed
[INFO]-[2021/08/31 14:51:07] Total 42950 files processed
[INFO]-[2021/08/31 14:51:07] Total 43000 files processed
[INFO]-[2021/08/31 14:51:07] Total 43050 files processed
[INFO]-[2021/08/31 14:51:08] Total 43100 files processed
[INFO]-[2021/08/31 14:51:08] Total 43150 files processed
[INFO]-[2021/08/31 14:51:09] Total 43200 files processed
[INFO]-[2021/08/31 14:51:09] Total 43250 files processed
[INFO]-[2021/08/31 14:51:09] Total 43300 files processed
[INFO]-[2021/08/31 14:51:10] Total 43350 files processed
[INFO]-[2021/08/31 14:51:10] Total 43400 files processed
[INFO]-[2021/08/31 14:51:11] Total 43450 files processed
[INFO]-[2021/08/31 14:51:11] Total 43500 files processed
[INFO]-[2021/08/31 14:51:11] Total 43550 files processed
[INFO]-[2021/08/31 14:51:12] Total 43600 files processed
[INFO]-[2021/08/31 14:51:12] Total 43650 files processed
[INFO]-[2021/08/31 14:51:13] Total 43700 files processed
[INFO]-[2021/08/31 14:51:13] Total 43750 files processed
[INFO]-[2021/08/31 14:51:13] Total 43800 files processed
[INFO]-[2021/08/31 14:51:14] Total 43850 files processed
[INFO]-[2021/08/31 14:51:14] Total 43900 files processed
[INFO]-[2021/08/31 14:51:14] Total 43950 files processed
[INFO]-[2021/08/31 14:51:15] Total 44000 files processed
[INFO]-[2021/08/31 14:51:15] Total 44050 files processed
[INFO]-[2021/08/31 14:51:16] Total 44100 files processed
[INFO]-[2021/08/31 14:51:16] Total 44150 files processed
[INFO]-[2021/08/31 14:51:16] Total 44200 files processed
[INFO]-[2021/08/31 14:51:17] Total 44250 files processed
[INFO]-[2021/08/31 14:51:17] Total 44300 files processed
[INFO]-[2021/08/31 14:51:18] Total 44350 files processed
[INFO]-[2021/08/31 14:51:18] Total 44400 files processed
[INFO]-[2021/08/31 14:51:19] Total 44450 files processed
[INFO]-[2021/08/31 14:51:19] Total 44500 files processed
[INFO]-[2021/08/31 14:51:19] Total 44550 files processed
[INFO]-[2021/08/31 14:51:20] Total 44600 files processed
[INFO]-[2021/08/31 14:51:20] Total 44650 files processed
[INFO]-[2021/08/31 14:51:21] Total 44700 files processed
[INFO]-[2021/08/31 14:51:21] Total 44750 files processed
[INFO]-[2021/08/31 14:51:21] Total 44800 files processed
[INFO]-[2021/08/31 14:51:22] Total 44850 files processed
[INFO]-[2021/08/31 14:51:22] Total 44900 files processed
[INFO]-[2021/08/31 14:51:23] Total 44950 files processed
[INFO]-[2021/08/31 14:51:23] Total 45000 files processed
[INFO]-[2021/08/31 14:51:24] Total 45050 files processed
[INFO]-[2021/08/31 14:51:24] Total 45100 files processed
[INFO]-[2021/08/31 14:51:25] Total 45150 files processed
[INFO]-[2021/08/31 14:51:25] Total 45200 files processed
[INFO]-[2021/08/31 14:51:25] Total 45250 files processed
[INFO]-[2021/08/31 14:51:26] Total 45300 files processed
[INFO]-[2021/08/31 14:51:26] Total 45350 files processed
[INFO]-[2021/08/31 14:51:27] Total 45400 files processed
[INFO]-[2021/08/31 14:51:27] Total 45450 files processed
[INFO]-[2021/08/31 14:51:27] Total 45500 files processed
[INFO]-[2021/08/31 14:51:28] Total 45550 files processed
[INFO]-[2021/08/31 14:51:28] Total 45600 files processed
[INFO]-[2021/08/31 14:51:29] Total 45650 files processed
[INFO]-[2021/08/31 14:51:29] Total 45700 files processed
[INFO]-[2021/08/31 14:51:30] Total 45750 files processed
[INFO]-[2021/08/31 14:51:30] Total 45800 files processed
[INFO]-[2021/08/31 14:51:30] Total 45850 files processed
[INFO]-[2021/08/31 14:51:31] Total 45900 files processed
[INFO]-[2021/08/31 14:51:31] Total 45950 files processed
[INFO]-[2021/08/31 14:51:32] Total 46000 files processed
[INFO]-[2021/08/31 14:51:32] Total 46050 files processed
[INFO]-[2021/08/31 14:51:33] Total 46100 files processed
[INFO]-[2021/08/31 14:51:33] Total 46150 files processed
[INFO]-[2021/08/31 14:51:33] Total 46200 files processed
[INFO]-[2021/08/31 14:51:34] Total 46250 files processed
[INFO]-[2021/08/31 14:51:35] Total 46300 files processed
[INFO]-[2021/08/31 14:51:35] Total 46350 files processed
[INFO]-[2021/08/31 14:51:35] Total 46400 files processed
[INFO]-[2021/08/31 14:51:36] Total 46450 files processed
[INFO]-[2021/08/31 14:51:36] Total 46500 files processed
[INFO]-[2021/08/31 14:51:37] Total 46550 files processed
[INFO]-[2021/08/31 14:51:37] Total 46600 files processed
[INFO]-[2021/08/31 14:51:37] Total 46650 files processed
[INFO]-[2021/08/31 14:51:38] Total 46700 files processed
[INFO]-[2021/08/31 14:51:38] Total 46750 files processed
[INFO]-[2021/08/31 14:51:39] Total 46800 files processed
[INFO]-[2021/08/31 14:51:39] Total 46850 files processed
[INFO]-[2021/08/31 14:51:39] Total 46900 files processed
[INFO]-[2021/08/31 14:51:40] Total 46950 files processed
[INFO]-[2021/08/31 14:51:40] Total 47000 files processed
[INFO]-[2021/08/31 14:51:41] Total 47050 files processed
[INFO]-[2021/08/31 14:51:41] Total 47100 files processed
[INFO]-[2021/08/31 14:51:42] Total 47150 files processed
[INFO]-[2021/08/31 14:51:42] Total 47200 files processed
[INFO]-[2021/08/31 14:51:42] Total 47250 files processed
[INFO]-[2021/08/31 14:51:43] Total 47300 files processed
[INFO]-[2021/08/31 14:51:43] Total 47350 files processed
[INFO]-[2021/08/31 14:51:44] Total 47400 files processed
[INFO]-[2021/08/31 14:51:44] Total 47450 files processed
[INFO]-[2021/08/31 14:51:44] Total 47500 files processed
[INFO]-[2021/08/31 14:51:45] Total 47550 files processed
[INFO]-[2021/08/31 14:51:45] Total 47600 files processed
[INFO]-[2021/08/31 14:51:46] Total 47650 files processed
[INFO]-[2021/08/31 14:51:46] Total 47700 files processed
[INFO]-[2021/08/31 14:51:46] Total 47750 files processed
[INFO]-[2021/08/31 14:51:47] Total 47800 files processed
[INFO]-[2021/08/31 14:51:47] Total 47850 files processed
[INFO]-[2021/08/31 14:51:48] Total 47900 files processed
[INFO]-[2021/08/31 14:51:48] Total 47950 files processed
[INFO]-[2021/08/31 14:51:49] Total 48000 files processed
[INFO]-[2021/08/31 14:51:49] Total 48050 files processed
[INFO]-[2021/08/31 14:51:49] Total 48100 files processed
[INFO]-[2021/08/31 14:51:50] Total 48150 files processed
[INFO]-[2021/08/31 14:51:50] Total 48200 files processed
[INFO]-[2021/08/31 14:51:51] Total 48250 files processed
[INFO]-[2021/08/31 14:51:51] Total 48300 files processed
[INFO]-[2021/08/31 14:51:52] Total 48350 files processed
[INFO]-[2021/08/31 14:51:52] Total 48400 files processed
[INFO]-[2021/08/31 14:51:52] Total 48450 files processed
[INFO]-[2021/08/31 14:51:53] Total 48500 files processed
[INFO]-[2021/08/31 14:51:53] Total 48550 files processed
[INFO]-[2021/08/31 14:51:54] Total 48600 files processed
[INFO]-[2021/08/31 14:51:54] Total 48650 files processed
[INFO]-[2021/08/31 14:51:55] Total 48700 files processed
[INFO]-[2021/08/31 14:51:56] Total 48750 files processed
[INFO]-[2021/08/31 14:51:56] Total 48800 files processed
[INFO]-[2021/08/31 14:51:56] Total 48850 files processed
[INFO]-[2021/08/31 14:51:57] Total 48900 files processed
[INFO]-[2021/08/31 14:51:57] Total 48950 files processed
[INFO]-[2021/08/31 14:51:58] Total 49000 files processed
[INFO]-[2021/08/31 14:51:58] Total 49050 files processed
[INFO]-[2021/08/31 14:51:59] Total 49100 files processed
[INFO]-[2021/08/31 14:51:59] Total 49150 files processed
[INFO]-[2021/08/31 14:52:00] Total 49200 files processed
[INFO]-[2021/08/31 14:52:00] Total 49250 files processed
[INFO]-[2021/08/31 14:52:00] Total 49300 files processed
[INFO]-[2021/08/31 14:52:01] Total 49350 files processed
[INFO]-[2021/08/31 14:52:01] Total 49400 files processed
[INFO]-[2021/08/31 14:52:02] Total 49450 files processed
[INFO]-[2021/08/31 14:52:02] Total 49500 files processed
[INFO]-[2021/08/31 14:52:03] Total 49550 files processed
[INFO]-[2021/08/31 14:52:03] Total 49600 files processed
[INFO]-[2021/08/31 14:52:03] Total 49650 files processed
[INFO]-[2021/08/31 14:52:04] Total 49700 files processed
[INFO]-[2021/08/31 14:52:04] Total 49750 files processed
[INFO]-[2021/08/31 14:52:05] Total 49800 files processed
[INFO]-[2021/08/31 14:52:05] Total 49850 files processed
[INFO]-[2021/08/31 14:52:06] Total 49900 files processed
[INFO]-[2021/08/31 14:52:06] Total 49950 files processed
[INFO]-[2021/08/31 14:52:06] Total 50000 files processed
[INFO]-[2021/08/31 14:52:07] Total 50050 files processed
[INFO]-[2021/08/31 14:52:07] Total 50100 files processed
[INFO]-[2021/08/31 14:52:08] Total 50150 files processed
[INFO]-[2021/08/31 14:52:08] Total 50200 files processed
[INFO]-[2021/08/31 14:52:08] Total 50250 files processed
[INFO]-[2021/08/31 14:52:09] Total 50300 files processed
[INFO]-[2021/08/31 14:52:09] Total 50350 files processed
[INFO]-[2021/08/31 14:52:10] Total 50400 files processed
[INFO]-[2021/08/31 14:52:10] Total 50450 files processed
[INFO]-[2021/08/31 14:52:10] Total 50500 files processed
[INFO]-[2021/08/31 14:52:11] Total 50550 files processed
[INFO]-[2021/08/31 14:52:11] Total 50600 files processed
[INFO]-[2021/08/31 14:52:12] Total 50650 files processed
[INFO]-[2021/08/31 14:52:12] Total 50700 files processed
[INFO]-[2021/08/31 14:52:13] Total 50750 files processed
[INFO]-[2021/08/31 14:52:13] Total 50800 files processed
[INFO]-[2021/08/31 14:52:13] Total 50850 files processed
[INFO]-[2021/08/31 14:52:14] Total 50900 files processed
[INFO]-[2021/08/31 14:52:14] Total 50950 files processed
[INFO]-[2021/08/31 14:52:15] Total 51000 files processed
[INFO]-[2021/08/31 14:52:15] Total 51050 files processed
[INFO]-[2021/08/31 14:52:16] Total 51100 files processed
[INFO]-[2021/08/31 14:52:16] Total 51150 files processed
[INFO]-[2021/08/31 14:52:16] Total 51200 files processed
[INFO]-[2021/08/31 14:52:17] Total 51250 files processed
[INFO]-[2021/08/31 14:52:17] Total 51300 files processed
[INFO]-[2021/08/31 14:52:18] Total 51350 files processed
[INFO]-[2021/08/31 14:52:18] Total 51400 files processed
[INFO]-[2021/08/31 14:52:18] Total 51450 files processed
[INFO]-[2021/08/31 14:52:19] Total 51500 files processed
[INFO]-[2021/08/31 14:52:19] Total 51550 files processed
[INFO]-[2021/08/31 14:52:20] Total 51600 files processed
[INFO]-[2021/08/31 14:52:20] Total 51650 files processed
[WARNING]-[2021/08/31 14:52:21] File doesn't exist /opt/bitnami/wordpress/
[INFO]-[2021/08/31 14:52:21] Skipped symlinking Wp Uploads Folder
[INFO]-[2021/08/31 14:52:21] Copying files finished
[INFO]-[2021/08/31 14:52:21] DB Data Step0: Copy wp-config.php file
[INFO]-[2021/08/31 14:52:21] DB Data Step0: Can not find /opt/bitnami/wordpress/iteration-1/wp-config.php
[INFO]-[2021/08/31 14:52:21] DB Data Step0: Can not find /opt/bitnami/wp-config.php
[INFO]-[2021/08/31 14:52:21] DB Data Step0: Copy default wp-config.php file from source /bitnami/wordpress/wp-content/plugins/wp-staging/Backend/helpers/wp-config.php to /opt/bitnami/wordpress/iteration-1/wp-config.php
[INFO]-[2021/08/31 14:52:22] DB Data Step1: Updating siteurl and homeurl in wpstg0_options to https://www.vcarehealth.tk/iteration-1
[INFO]-[2021/08/31 14:52:22] DB Data Step2: Updating wpstg0_options 
[INFO]-[2021/08/31 14:52:23] DB Data Step3: Updating db prefix in wpstg0_usermeta.
[INFO]-[2021/08/31 14:52:23] DB Data Step4: Updating table_prefix in /opt/bitnami/wordpress/iteration-1/wp-config.php to wpstg0_
[INFO]-[2021/08/31 14:52:23] DB Data Step5: WP installation is not in a subdirectory! Skipping this step
[INFO]-[2021/08/31 14:52:24] DB Data Step6: Updating db prefix in wpstg0_options.
[INFO]-[2021/08/31 14:52:24] DB Data Step7: Updating constants in wp-config.php
[INFO]-[2021/08/31 14:52:24] DB Data Step7: Added:UPLOADS
[INFO]-[2021/08/31 14:52:24] DB Data Step7: Added:WP_PLUGIN_DIR
[INFO]-[2021/08/31 14:52:24] DB Data Step7: Added:WP_LANG_DIR
[INFO]-[2021/08/31 14:52:24] DB Data Step7: Added:WP_HOME
[INFO]-[2021/08/31 14:52:24] DB Data Step7: Added:WP_SITEURL
[INFO]-[2021/08/31 14:52:24] DB Data Step7: Added:WP_CACHE
[INFO]-[2021/08/31 14:52:24] DB Data Step7: Added:WP_ENVIRONMENT_TYPE
[INFO]-[2021/08/31 14:52:24] DB Data Step7: Skipping: WP_ALLOW_MULTISITE not defined in wp-config.php.
[INFO]-[2021/08/31 14:52:24] DB Data Step7: Skipping: MULTISITE not defined in wp-config.php.
[INFO]-[2021/08/31 14:52:25] Finish: Deleting clone job's cache files...
[INFO]-[2021/08/31 14:52:25] Finish: Clone job's cache files have been deleted!
[INFO]-[2021/08/31 14:52:25] Finish: Verifying existing clones...
[INFO]-[2021/08/31 14:52:25] Finish: The job finished!
